[2m2020-03-10 13:01:06.658[0;39m INFO  [33m[dock-lw,,,,][0;39m [main] [com.dock.lw.LwApplication] StartupInfoLogger.java:55 - Starting LwApplication on liweideiMac.local with PID 9119 (/Users/liwei/Desktop/lw/target/classes started by liwei in /Users/liwei/Desktop/lw)
[2m2020-03-10 13:01:06.665[0;39m DEBUG [33m[dock-lw,,,,][0;39m [main] [com.dock.lw.LwApplication] StartupInfoLogger.java:56 - Running with Spring Boot v2.2.5.RELEASE, Spring v5.2.4.RELEASE
[2m2020-03-10 13:01:06.665[0;39m INFO  [33m[dock-lw,,,,][0;39m [main] [com.dock.lw.LwApplication] SpringApplication.java:655 - The following profiles are active: pro
[2m2020-03-10 13:01:11.051[0;39m INFO  [33m[dock-lw,,,,][0;39m [main] [com.dock.lw.LwApplication] StartupInfoLogger.java:61 - Started LwApplication in 5.147 seconds (JVM running for 7.562)
[2m2020-03-10 13:01:51.687[0;39m INFO  [33m[dock-lw,,,,][0;39m [main] [com.dock.lw.LwApplication] StartupInfoLogger.java:55 - Starting LwApplication on liweideiMac.local with PID 9135 (/Users/liwei/Desktop/lw/target/classes started by liwei in /Users/liwei/Desktop/lw)
[2m2020-03-10 13:01:51.733[0;39m DEBUG [33m[dock-lw,,,,][0;39m [main] [com.dock.lw.LwApplication] StartupInfoLogger.java:56 - Running with Spring Boot v2.2.5.RELEASE, Spring v5.2.4.RELEASE
[2m2020-03-10 13:01:51.734[0;39m INFO  [33m[dock-lw,,,,][0;39m [main] [com.dock.lw.LwApplication] SpringApplication.java:655 - The following profiles are active: dev
[2m2020-03-10 13:01:52.898[0;39m INFO  [33m[dock-lw,,,,][0;39m [main] [o.s.d.r.config.RepositoryConfigurationDelegate] RepositoryConfigurationDelegate.java:249 - Multiple Spring Data modules found, entering strict repository configuration mode!
[2m2020-03-10 13:01:52.901[0;39m INFO  [33m[dock-lw,,,,][0;39m [main] [o.s.d.r.config.RepositoryConfigurationDelegate] RepositoryConfigurationDelegate.java:127 - Bootstrapping Spring Data Redis repositories in DEFAULT mode.
[2m2020-03-10 13:01:52.942[0;39m INFO  [33m[dock-lw,,,,][0;39m [main] [o.s.d.r.config.RepositoryConfigurationDelegate] RepositoryConfigurationDelegate.java:187 - Finished Spring Data repository scanning in 23ms. Found 0 Redis repository interfaces.
[2m2020-03-10 13:01:53.744[0;39m INFO  [33m[dock-lw,,,,][0;39m [main] [o.s.boot.web.embedded.tomcat.TomcatWebServer] TomcatWebServer.java:92 - Tomcat initialized with port(s): 8083 (http)
[2m2020-03-10 13:01:53.757[0;39m INFO  [33m[dock-lw,,,,][0;39m [main] [org.apache.coyote.http11.Http11NioProtocol] DirectJDKLog.java:173 - Initializing ProtocolHandler ["http-nio-8083"]
[2m2020-03-10 13:01:53.757[0;39m INFO  [33m[dock-lw,,,,][0;39m [main] [org.apache.catalina.core.StandardService] DirectJDKLog.java:173 - Starting service [Tomcat]
[2m2020-03-10 13:01:53.758[0;39m INFO  [33m[dock-lw,,,,][0;39m [main] [org.apache.catalina.core.StandardEngine] DirectJDKLog.java:173 - Starting Servlet engine: [Apache Tomcat/9.0.31]
[2m2020-03-10 13:01:53.851[0;39m INFO  [33m[dock-lw,,,,][0;39m [main] [o.a.c.c.ContainerBase.[Tomcat].[localhost].[/lw]] DirectJDKLog.java:173 - Initializing Spring embedded WebApplicationContext
[2m2020-03-10 13:01:53.851[0;39m INFO  [33m[dock-lw,,,,][0;39m [main] [org.springframework.web.context.ContextLoader] ServletWebServerApplicationContext.java:284 - Root WebApplicationContext: initialization completed in 2053 ms
[2m2020-03-10 13:01:54.991[0;39m INFO  [33m[dock-lw,,,,][0;39m [main] [s.d.s.w.PropertySourcedRequestMappingHandlerMapping] PropertySourcedRequestMappingHandlerMapping.java:69 - Mapped URL path [/v2/api-docs] onto method [springfox.documentation.swagger2.web.Swagger2Controller#getDocumentation(String, HttpServletRequest)]
[2m2020-03-10 13:01:55.432[0;39m INFO  [33m[dock-lw,,,,][0;39m [main] [s.d.s.web.plugins.DocumentationPluginsBootstrapper] DocumentationPluginsBootstrapper.java:147 - Context refreshed
[2m2020-03-10 13:01:55.455[0;39m INFO  [33m[dock-lw,,,,][0;39m [main] [s.d.s.web.plugins.DocumentationPluginsBootstrapper] DocumentationPluginsBootstrapper.java:150 - Found 2 custom documentation plugin(s)
[2m2020-03-10 13:01:55.485[0;39m INFO  [33m[dock-lw,,,,][0;39m [main] [s.d.spring.web.scanners.ApiListingReferenceScanner] ApiListingReferenceScanner.java:41 - Scanning for api listing references
[2m2020-03-10 13:01:55.627[0;39m INFO  [33m[dock-lw,,,,][0;39m [main] [s.d.spring.web.scanners.ApiListingReferenceScanner] ApiListingReferenceScanner.java:41 - Scanning for api listing references
[2m2020-03-10 13:01:55.637[0;39m INFO  [33m[dock-lw,,,,][0;39m [main] [org.apache.coyote.http11.Http11NioProtocol] DirectJDKLog.java:173 - Starting ProtocolHandler ["http-nio-8083"]
[2m2020-03-10 13:01:55.677[0;39m INFO  [33m[dock-lw,,,,][0;39m [main] [o.s.boot.web.embedded.tomcat.TomcatWebServer] TomcatWebServer.java:204 - Tomcat started on port(s): 8083 (http) with context path '/lw'
[2m2020-03-10 13:01:55.682[0;39m INFO  [33m[dock-lw,,,,][0;39m [main] [com.dock.lw.LwApplication] StartupInfoLogger.java:61 - Started LwApplication in 4.713 seconds (JVM running for 6.446)
[2m2020-03-10 13:02:12.949[0;39m INFO  [33m[dock-lw,,,,][0;39m [http-nio-8083-exec-1] [o.a.c.c.ContainerBase.[Tomcat].[localhost].[/lw]] DirectJDKLog.java:173 - Initializing Spring DispatcherServlet 'dispatcherServlet'
[2m2020-03-10 13:02:12.951[0;39m INFO  [33m[dock-lw,,,,][0;39m [http-nio-8083-exec-1] [org.springframework.web.servlet.DispatcherServlet] FrameworkServlet.java:525 - Initializing Servlet 'dispatcherServlet'
[2m2020-03-10 13:02:12.960[0;39m INFO  [33m[dock-lw,,,,][0;39m [http-nio-8083-exec-1] [org.springframework.web.servlet.DispatcherServlet] FrameworkServlet.java:547 - Completed initialization in 9 ms
[2m2020-03-10 13:02:13.039[0;39m INFO  [33m[dock-lw,,,,][0;39m [http-nio-8083-exec-2] [com.dock.lw.common.handler.ApiInterceptor] ApiInterceptor.java:44 - reqURI = /lw/error, reqMethod = GET, token = null
[2m2020-03-10 13:02:13.215[0;39m INFO  [33m[dock-lw,,,,][0;39m [http-nio-8083-exec-2] [io.lettuce.core.EpollProvider] EpollProvider.java:68 - Starting without optional epoll library
[2m2020-03-10 13:02:13.218[0;39m INFO  [33m[dock-lw,,,,][0;39m [http-nio-8083-exec-2] [io.lettuce.core.KqueueProvider] KqueueProvider.java:70 - Starting without optional kqueue library
[2m2020-03-10 13:02:13.478[0;39m WARN  [33m[dock-lw,,,,][0;39m [http-nio-8083-exec-2] [c.d.lw.common.handler.BusinessInterceptorHandler] BusinessInterceptorHandler.java:42 - 用户未登录或token过期 token = null
[2m2020-03-10 13:02:13.868[0;39m INFO  [33m[dock-lw,,,,][0;39m [http-nio-8083-exec-5] [com.dock.lw.common.handler.AccessLog] AccessLog.java:53 - request = []
[2m2020-03-10 13:02:13.902[0;39m INFO  [33m[dock-lw,,,,][0;39m [http-nio-8083-exec-5] [com.dock.lw.common.handler.AccessLog] AccessLog.java:55 - response = {"body":{"apisSorter":"alpha","defaultModelRendering":"schema","docExpansion":"none","jsonEditor":false,"showRequestHeaders":true,"supportedSubmitMethods":["get","post","put","delete","patch"]},"headers":{"body":{"apisSorter":"alpha","defaultModelRendering":"schema","docExpansion":"none","jsonEditor":false,"showRequestHeaders":true,"supportedSubmitMethods":["get","post","put","delete","patch"]},"headers":{},"statusCode":"OK","statusCodeValue":200},"statusCode":"OK","statusCodeValue":200}
[2m2020-03-10 13:02:13.904[0;39m INFO  [33m[dock-lw,,,,][0;39m [http-nio-8083-exec-5] [com.dock.lw.common.handler.AccessLog] AccessLog.java:59 - StopWatch 'springfox.documentation.swagger.web.ApiResourceController': running time = 65357771 ns
---------------------------------------------
ns         %     Task name
---------------------------------------------
065357771  100%  uiConfiguration

[2m2020-03-10 13:02:13.962[0;39m INFO  [33m[dock-lw,,,,][0;39m [http-nio-8083-exec-8] [com.dock.lw.common.handler.AccessLog] AccessLog.java:53 - request = []
[2m2020-03-10 13:02:13.969[0;39m INFO  [33m[dock-lw,,,,][0;39m [http-nio-8083-exec-8] [com.dock.lw.common.handler.AccessLog] AccessLog.java:55 - response = {"body":[{"location":"/v2/api-docs?group=app","name":"app","swaggerVersion":"2.0"},{"location":"/v2/api-docs?group=manage","name":"manage","swaggerVersion":"2.0"}],"headers":{"body":[{"location":"/v2/api-docs?group=app","name":"app","swaggerVersion":"2.0"},{"location":"/v2/api-docs?group=manage","name":"manage","swaggerVersion":"2.0"}],"headers":{},"statusCode":"OK","statusCodeValue":200},"statusCode":"OK","statusCodeValue":200}
[2m2020-03-10 13:02:13.970[0;39m INFO  [33m[dock-lw,,,,][0;39m [http-nio-8083-exec-8] [com.dock.lw.common.handler.AccessLog] AccessLog.java:59 - StopWatch 'springfox.documentation.swagger.web.ApiResourceController': running time = 8129702 ns
---------------------------------------------
ns         %     Task name
---------------------------------------------
008129702  100%  swaggerResources

[2m2020-03-10 13:02:14.163[0;39m INFO  [33m[dock-lw,,,,][0;39m [http-nio-8083-exec-10] [com.dock.lw.common.handler.AccessLog] AccessLog.java:53 - request = []
[2m2020-03-10 13:02:14.167[0;39m INFO  [33m[dock-lw,,,,][0;39m [http-nio-8083-exec-10] [com.dock.lw.common.handler.AccessLog] AccessLog.java:55 - response = {"body":{"apiKeyName":"api_key","apiKeyVehicle":"header"},"headers":{"body":{"apiKeyName":"api_key","apiKeyVehicle":"header"},"headers":{},"statusCode":"OK","statusCodeValue":200},"statusCode":"OK","statusCodeValue":200}
[2m2020-03-10 13:02:14.167[0;39m INFO  [33m[dock-lw,,,,][0;39m [http-nio-8083-exec-10] [com.dock.lw.common.handler.AccessLog] AccessLog.java:59 - StopWatch 'springfox.documentation.swagger.web.ApiResourceController': running time = 4004524 ns
---------------------------------------------
ns         %     Task name
---------------------------------------------
004004524  100%  securityConfiguration

[2m2020-03-10 13:02:24.414[0;39m INFO  [33m[dock-lw,,,,][0;39m [http-nio-8083-exec-3] [com.dock.lw.common.handler.ApiInterceptor] ApiInterceptor.java:44 - reqURI = /lw/app/userReport/getByPage, reqMethod = POST, token = 333
[2m2020-03-10 13:02:24.469[0;39m INFO  [33m[dock-lw,,,,][0;39m [http-nio-8083-exec-3] [com.dock.lw.common.handler.AccessLog] AccessLog.java:53 - request = [{"cm":[{"cm":{},"current":1,"page":{"current":1,"orders":[],"pages":0,"records":[],"searchCount":true,"size":10,"total":0},"size":10}],"current":1,"page":{"current":1,"orders":[],"pages":0,"records":[],"searchCount":true,"size":10,"total":0},"size":10}]
[2m2020-03-10 13:02:24.536[0;39m INFO  [33m[dock-lw,,,,][0;39m [http-nio-8083-exec-3] [com.zaxxer.hikari.HikariDataSource] HikariDataSource.java:110 - HikariPool-1 - Starting...
[2m2020-03-10 13:02:25.041[0;39m INFO  [33m[dock-lw,,,,][0;39m [http-nio-8083-exec-3] [com.zaxxer.hikari.HikariDataSource] HikariDataSource.java:123 - HikariPool-1 - Start completed.
[2m2020-03-10 13:02:25.093[0;39m DEBUG [33m[dock-lw,,,,][0;39m [http-nio-8083-exec-3] [c.d.lw.code.mapper.UserReportMapper.selectByPage] BaseJdbcLogger.java:143 - ==>  Preparing: SELECT COUNT(1) FROM user_report 
[2m2020-03-10 13:02:25.119[0;39m DEBUG [33m[dock-lw,,,,][0;39m [http-nio-8083-exec-3] [c.d.lw.code.mapper.UserReportMapper.selectByPage] BaseJdbcLogger.java:143 - ==> Parameters: 
[2m2020-03-10 13:02:25.151[0;39m DEBUG [33m[dock-lw,,,,][0;39m [http-nio-8083-exec-3] [c.d.lw.code.mapper.UserReportMapper.selectByPage] BaseJdbcLogger.java:143 - ==>  Preparing: select id, create_by, create_at, update_by, update_at , user_id , org_id , dept_id from user_report order by create_at desc LIMIT ?,? 
[2m2020-03-10 13:02:25.152[0;39m DEBUG [33m[dock-lw,,,,][0;39m [http-nio-8083-exec-3] [c.d.lw.code.mapper.UserReportMapper.selectByPage] BaseJdbcLogger.java:143 - ==> Parameters: 0(Long), 10(Long)
[2m2020-03-10 13:02:25.183[0;39m DEBUG [33m[dock-lw,,,,][0;39m [http-nio-8083-exec-3] [c.d.lw.code.mapper.UserReportMapper.selectByPage] BaseJdbcLogger.java:143 - <==      Total: 10
[2m2020-03-10 13:02:25.190[0;39m INFO  [33m[dock-lw,,,,][0;39m [http-nio-8083-exec-3] [com.dock.lw.common.handler.AccessLog] AccessLog.java:55 - response = {"current":1,"orders":[],"pages":3,"records":[{"createAt":1581946857000,"createBy":1226170333824819202,"id":1229400342110683137,"orgId":1227536998663819265,"userId":"1226170333824819202"},{"createAt":1581942513000,"createBy":1227307982702829570,"id":1229382121575956482,"orgId":1226797912743243777,"userId":"1227307982702829570"},{"createAt":1581928318000,"createBy":1226170154312802305,"id":1229322582004645889,"orgId":1227403053905272834,"userId":"1226170154312802305"},{"createAt":1581503580000,"createBy":1226170333824819202,"id":1227541100584079362,"orgId":1226797912743243777,"userId":"1226170333824819202"},{"createAt":1581483108000,"createBy":1226170934868582402,"deptId":1227403185681915906,"id":1227455234259853313,"orgId":1227403053905272834,"updateAt":1581483132000,"updateBy":1226170934868582402,"userId":"1226170934868582402"},{"createAt":1581478112000,"createBy":1226170154312802305,"deptId":1226797912751632386,"id":1227434282419544066,"orgId":1226797912743243777,"updateAt":1581941781000,"updateBy":1226170154312802305,"userId":"1226170154312802305"},{"createAt":1581477790000,"createBy":1226170333824819202,"id":1227432932176617474,"orgId":1227403053905272834,"userId":"1226170333824819202"},{"createAt":1581477764000,"createBy":1226171861641994242,"id":1227432822650757122,"orgId":1227403053905272834,"userId":"1226171861641994242"},{"createAt":1581477632000,"createBy":1226171054565629954,"deptId":1227403053938827265,"id":1227432267958247426,"orgId":1227403053905272834,"updateAt":1581503576000,"updateBy":1226171054565629954,"userId":"1226171054565629954"},{"createAt":1581473771000,"createBy":1227415223548305409,"deptId":1227403185681915906,"id":1227416075222704130,"orgId":1227403053905272834,"userId":"1227415223548305409"}],"searchCount":true,"size":10,"total":28}
[2m2020-03-10 13:02:25.191[0;39m INFO  [33m[dock-lw,,,,][0;39m [http-nio-8083-exec-3] [com.dock.lw.common.handler.AccessLog] AccessLog.java:59 - StopWatch 'com.dock.lw.code.web.UserReportController': running time = 725467274 ns
---------------------------------------------
ns         %     Task name
---------------------------------------------
725467274  100%  query

[2m2020-03-10 13:03:05.160[0;39m INFO  [33m[dock-lw,,,,][0;39m [SpringContextShutdownHook] [com.zaxxer.hikari.HikariDataSource] HikariDataSource.java:350 - HikariPool-1 - Shutdown initiated...
[2m2020-03-10 13:03:05.170[0;39m INFO  [33m[dock-lw,,,,][0;39m [SpringContextShutdownHook] [com.zaxxer.hikari.HikariDataSource] HikariDataSource.java:352 - HikariPool-1 - Shutdown completed.
[2m2020-03-10 13:07:24.518[0;39m INFO  [33m[dock-lw,,,,][0;39m [main] [com.dock.lw.LwApplication] StartupInfoLogger.java:55 - Starting LwApplication on liweideiMac.local with PID 9270 (/Users/liwei/Desktop/lw/target/classes started by liwei in /Users/liwei/Desktop/lw)
[2m2020-03-10 13:07:24.521[0;39m DEBUG [33m[dock-lw,,,,][0;39m [main] [com.dock.lw.LwApplication] StartupInfoLogger.java:56 - Running with Spring Boot v2.2.5.RELEASE, Spring v5.2.4.RELEASE
[2m2020-03-10 13:07:24.522[0;39m INFO  [33m[dock-lw,,,,][0;39m [main] [com.dock.lw.LwApplication] SpringApplication.java:655 - The following profiles are active: dev
[2m2020-03-10 13:07:25.671[0;39m INFO  [33m[dock-lw,,,,][0;39m [main] [o.s.d.r.config.RepositoryConfigurationDelegate] RepositoryConfigurationDelegate.java:249 - Multiple Spring Data modules found, entering strict repository configuration mode!
[2m2020-03-10 13:07:25.675[0;39m INFO  [33m[dock-lw,,,,][0;39m [main] [o.s.d.r.config.RepositoryConfigurationDelegate] RepositoryConfigurationDelegate.java:127 - Bootstrapping Spring Data Redis repositories in DEFAULT mode.
[2m2020-03-10 13:07:25.719[0;39m INFO  [33m[dock-lw,,,,][0;39m [main] [o.s.d.r.config.RepositoryConfigurationDelegate] RepositoryConfigurationDelegate.java:187 - Finished Spring Data repository scanning in 22ms. Found 0 Redis repository interfaces.
[2m2020-03-10 13:07:26.540[0;39m INFO  [33m[dock-lw,,,,][0;39m [main] [o.s.boot.web.embedded.tomcat.TomcatWebServer] TomcatWebServer.java:92 - Tomcat initialized with port(s): 8083 (http)
[2m2020-03-10 13:07:26.554[0;39m INFO  [33m[dock-lw,,,,][0;39m [main] [org.apache.coyote.http11.Http11NioProtocol] DirectJDKLog.java:173 - Initializing ProtocolHandler ["http-nio-8083"]
[2m2020-03-10 13:07:26.555[0;39m INFO  [33m[dock-lw,,,,][0;39m [main] [org.apache.catalina.core.StandardService] DirectJDKLog.java:173 - Starting service [Tomcat]
[2m2020-03-10 13:07:26.555[0;39m INFO  [33m[dock-lw,,,,][0;39m [main] [org.apache.catalina.core.StandardEngine] DirectJDKLog.java:173 - Starting Servlet engine: [Apache Tomcat/9.0.31]
[2m2020-03-10 13:07:26.653[0;39m INFO  [33m[dock-lw,,,,][0;39m [main] [o.a.c.c.ContainerBase.[Tomcat].[localhost].[/lw]] DirectJDKLog.java:173 - Initializing Spring embedded WebApplicationContext
[2m2020-03-10 13:07:26.653[0;39m INFO  [33m[dock-lw,,,,][0;39m [main] [org.springframework.web.context.ContextLoader] ServletWebServerApplicationContext.java:284 - Root WebApplicationContext: initialization completed in 2045 ms
[2m2020-03-10 13:07:27.779[0;39m INFO  [33m[dock-lw,,,,][0;39m [main] [s.d.s.w.PropertySourcedRequestMappingHandlerMapping] PropertySourcedRequestMappingHandlerMapping.java:69 - Mapped URL path [/v2/api-docs] onto method [springfox.documentation.swagger2.web.Swagger2Controller#getDocumentation(String, HttpServletRequest)]
[2m2020-03-10 13:07:28.274[0;39m INFO  [33m[dock-lw,,,,][0;39m [main] [s.d.s.web.plugins.DocumentationPluginsBootstrapper] DocumentationPluginsBootstrapper.java:147 - Context refreshed
[2m2020-03-10 13:07:28.296[0;39m INFO  [33m[dock-lw,,,,][0;39m [main] [s.d.s.web.plugins.DocumentationPluginsBootstrapper] DocumentationPluginsBootstrapper.java:150 - Found 2 custom documentation plugin(s)
[2m2020-03-10 13:07:28.338[0;39m INFO  [33m[dock-lw,,,,][0;39m [main] [s.d.spring.web.scanners.ApiListingReferenceScanner] ApiListingReferenceScanner.java:41 - Scanning for api listing references
[2m2020-03-10 13:07:28.491[0;39m INFO  [33m[dock-lw,,,,][0;39m [main] [s.d.spring.web.scanners.ApiListingReferenceScanner] ApiListingReferenceScanner.java:41 - Scanning for api listing references
[2m2020-03-10 13:07:28.501[0;39m INFO  [33m[dock-lw,,,,][0;39m [main] [org.apache.coyote.http11.Http11NioProtocol] DirectJDKLog.java:173 - Starting ProtocolHandler ["http-nio-8083"]
[2m2020-03-10 13:07:28.529[0;39m INFO  [33m[dock-lw,,,,][0;39m [main] [o.s.boot.web.embedded.tomcat.TomcatWebServer] TomcatWebServer.java:204 - Tomcat started on port(s): 8083 (http) with context path '/lw'
[2m2020-03-10 13:07:28.534[0;39m INFO  [33m[dock-lw,,,,][0;39m [main] [com.dock.lw.LwApplication] StartupInfoLogger.java:61 - Started LwApplication in 4.748 seconds (JVM running for 5.93)
[2m2020-03-10 13:07:39.049[0;39m INFO  [33m[dock-lw,,,,][0;39m [http-nio-8083-exec-1] [o.a.c.c.ContainerBase.[Tomcat].[localhost].[/lw]] DirectJDKLog.java:173 - Initializing Spring DispatcherServlet 'dispatcherServlet'
[2m2020-03-10 13:07:39.051[0;39m INFO  [33m[dock-lw,,,,][0;39m [http-nio-8083-exec-1] [org.springframework.web.servlet.DispatcherServlet] FrameworkServlet.java:525 - Initializing Servlet 'dispatcherServlet'
[2m2020-03-10 13:07:39.062[0;39m INFO  [33m[dock-lw,,,,][0;39m [http-nio-8083-exec-1] [org.springframework.web.servlet.DispatcherServlet] FrameworkServlet.java:547 - Completed initialization in 11 ms
[2m2020-03-10 13:07:39.093[0;39m INFO  [33m[dock-lw,,,,][0;39m [http-nio-8083-exec-1] [com.dock.lw.common.handler.ApiInterceptor] ApiInterceptor.java:44 - reqURI = /lw/app/userReport/getByPage, reqMethod = POST, token = 333
[2m2020-03-10 13:07:39.261[0;39m INFO  [33m[dock-lw,,,,][0;39m [http-nio-8083-exec-1] [com.dock.lw.common.handler.AccessLog] AccessLog.java:53 - request = [{"cm":[{"cm":{},"current":1,"page":{"current":1,"orders":[],"pages":0,"records":[],"searchCount":true,"size":10,"total":0},"size":10}],"current":1,"page":{"current":1,"orders":[],"pages":0,"records":[],"searchCount":true,"size":10,"total":0},"size":10}]
[2m2020-03-10 13:07:39.316[0;39m INFO  [33m[dock-lw,,,,][0;39m [http-nio-8083-exec-1] [com.zaxxer.hikari.HikariDataSource] HikariDataSource.java:110 - HikariPool-1 - Starting...
[2m2020-03-10 13:07:39.963[0;39m INFO  [33m[dock-lw,,,,][0;39m [http-nio-8083-exec-1] [com.zaxxer.hikari.HikariDataSource] HikariDataSource.java:123 - HikariPool-1 - Start completed.
[2m2020-03-10 13:07:40.019[0;39m DEBUG [33m[dock-lw,,,,][0;39m [http-nio-8083-exec-1] [c.d.lw.code.mapper.UserReportMapper.selectByPage] BaseJdbcLogger.java:143 - ==>  Preparing: SELECT COUNT(1) FROM user_report 
[2m2020-03-10 13:07:40.048[0;39m DEBUG [33m[dock-lw,,,,][0;39m [http-nio-8083-exec-1] [c.d.lw.code.mapper.UserReportMapper.selectByPage] BaseJdbcLogger.java:143 - ==> Parameters: 
[2m2020-03-10 13:07:40.099[0;39m DEBUG [33m[dock-lw,,,,][0;39m [http-nio-8083-exec-1] [c.d.lw.code.mapper.UserReportMapper.selectByPage] BaseJdbcLogger.java:143 - ==>  Preparing: select id, create_by, create_at, update_by, update_at , user_id , org_id , dept_id from user_report order by create_at desc LIMIT ?,? 
[2m2020-03-10 13:07:40.100[0;39m DEBUG [33m[dock-lw,,,,][0;39m [http-nio-8083-exec-1] [c.d.lw.code.mapper.UserReportMapper.selectByPage] BaseJdbcLogger.java:143 - ==> Parameters: 0(Long), 10(Long)
[2m2020-03-10 13:07:40.169[0;39m DEBUG [33m[dock-lw,,,,][0;39m [http-nio-8083-exec-1] [c.d.lw.code.mapper.UserReportMapper.selectByPage] BaseJdbcLogger.java:143 - <==      Total: 10
[2m2020-03-10 13:07:40.178[0;39m INFO  [33m[dock-lw,,,,][0;39m [http-nio-8083-exec-1] [com.dock.lw.common.handler.AccessLog] AccessLog.java:55 - response = {"current":1,"orders":[],"pages":3,"records":[{"createAt":1581946857000,"createBy":1226170333824819202,"id":1229400342110683137,"orgId":1227536998663819265,"userId":"1226170333824819202"},{"createAt":1581942513000,"createBy":1227307982702829570,"id":1229382121575956482,"orgId":1226797912743243777,"userId":"1227307982702829570"},{"createAt":1581928318000,"createBy":1226170154312802305,"id":1229322582004645889,"orgId":1227403053905272834,"userId":"1226170154312802305"},{"createAt":1581503580000,"createBy":1226170333824819202,"id":1227541100584079362,"orgId":1226797912743243777,"userId":"1226170333824819202"},{"createAt":1581483108000,"createBy":1226170934868582402,"deptId":1227403185681915906,"id":1227455234259853313,"orgId":1227403053905272834,"updateAt":1581483132000,"updateBy":1226170934868582402,"userId":"1226170934868582402"},{"createAt":1581478112000,"createBy":1226170154312802305,"deptId":1226797912751632386,"id":1227434282419544066,"orgId":1226797912743243777,"updateAt":1581941781000,"updateBy":1226170154312802305,"userId":"1226170154312802305"},{"createAt":1581477790000,"createBy":1226170333824819202,"id":1227432932176617474,"orgId":1227403053905272834,"userId":"1226170333824819202"},{"createAt":1581477764000,"createBy":1226171861641994242,"id":1227432822650757122,"orgId":1227403053905272834,"userId":"1226171861641994242"},{"createAt":1581477632000,"createBy":1226171054565629954,"deptId":1227403053938827265,"id":1227432267958247426,"orgId":1227403053905272834,"updateAt":1581503576000,"updateBy":1226171054565629954,"userId":"1226171054565629954"},{"createAt":1581473771000,"createBy":1227415223548305409,"deptId":1227403185681915906,"id":1227416075222704130,"orgId":1227403053905272834,"userId":"1227415223548305409"}],"searchCount":true,"size":10,"total":28}
[2m2020-03-10 13:07:40.180[0;39m INFO  [33m[dock-lw,,,,][0;39m [http-nio-8083-exec-1] [com.dock.lw.common.handler.AccessLog] AccessLog.java:59 - StopWatch 'com.dock.lw.code.web.UserReportController': running time = 995803196 ns
---------------------------------------------
ns         %     Task name
---------------------------------------------
995803196  100%  query

[2m2020-03-10 13:08:20.845[0;39m INFO  [33m[dock-lw,,,,][0;39m [http-nio-8083-exec-2] [com.dock.lw.common.handler.ApiInterceptor] ApiInterceptor.java:44 - reqURI = /lw/app/userReport/getByPage, reqMethod = POST, token = 333
[2m2020-03-10 13:08:20.864[0;39m INFO  [33m[dock-lw,,,,][0;39m [http-nio-8083-exec-2] [com.dock.lw.common.handler.AccessLog] AccessLog.java:53 - request = [{"cm":[{"cm":{},"current":1,"page":{"current":1,"orders":[],"pages":0,"records":[],"searchCount":true,"size":10,"total":0},"size":10}],"current":1,"page":{"current":1,"orders":[],"pages":0,"records":[],"searchCount":true,"size":10,"total":0},"size":10}]
[2m2020-03-10 13:08:20.873[0;39m DEBUG [33m[dock-lw,,,,][0;39m [http-nio-8083-exec-2] [c.d.lw.code.mapper.UserReportMapper.selectByPage] BaseJdbcLogger.java:143 - ==>  Preparing: SELECT COUNT(1) FROM user_report 
[2m2020-03-10 13:08:20.874[0;39m DEBUG [33m[dock-lw,,,,][0;39m [http-nio-8083-exec-2] [c.d.lw.code.mapper.UserReportMapper.selectByPage] BaseJdbcLogger.java:143 - ==> Parameters: 
[2m2020-03-10 13:08:20.914[0;39m DEBUG [33m[dock-lw,,,,][0;39m [http-nio-8083-exec-2] [c.d.lw.code.mapper.UserReportMapper.selectByPage] BaseJdbcLogger.java:143 - ==>  Preparing: select id, create_by, create_at, update_by, update_at , user_id , org_id , dept_id from user_report order by create_at desc LIMIT ?,? 
[2m2020-03-10 13:08:20.915[0;39m DEBUG [33m[dock-lw,,,,][0;39m [http-nio-8083-exec-2] [c.d.lw.code.mapper.UserReportMapper.selectByPage] BaseJdbcLogger.java:143 - ==> Parameters: 0(Long), 10(Long)
[2m2020-03-10 13:08:20.969[0;39m DEBUG [33m[dock-lw,,,,][0;39m [http-nio-8083-exec-2] [c.d.lw.code.mapper.UserReportMapper.selectByPage] BaseJdbcLogger.java:143 - <==      Total: 10
[2m2020-03-10 13:08:20.970[0;39m INFO  [33m[dock-lw,,,,][0;39m [http-nio-8083-exec-2] [com.dock.lw.common.handler.AccessLog] AccessLog.java:55 - response = {"current":1,"orders":[],"pages":3,"records":[{"createAt":1581946857000,"createBy":1226170333824819202,"id":1229400342110683137,"orgId":1227536998663819265,"userId":"1226170333824819202"},{"createAt":1581942513000,"createBy":1227307982702829570,"id":1229382121575956482,"orgId":1226797912743243777,"userId":"1227307982702829570"},{"createAt":1581928318000,"createBy":1226170154312802305,"id":1229322582004645889,"orgId":1227403053905272834,"userId":"1226170154312802305"},{"createAt":1581503580000,"createBy":1226170333824819202,"id":1227541100584079362,"orgId":1226797912743243777,"userId":"1226170333824819202"},{"createAt":1581483108000,"createBy":1226170934868582402,"deptId":1227403185681915906,"id":1227455234259853313,"orgId":1227403053905272834,"updateAt":1581483132000,"updateBy":1226170934868582402,"userId":"1226170934868582402"},{"createAt":1581478112000,"createBy":1226170154312802305,"deptId":1226797912751632386,"id":1227434282419544066,"orgId":1226797912743243777,"updateAt":1581941781000,"updateBy":1226170154312802305,"userId":"1226170154312802305"},{"createAt":1581477790000,"createBy":1226170333824819202,"id":1227432932176617474,"orgId":1227403053905272834,"userId":"1226170333824819202"},{"createAt":1581477764000,"createBy":1226171861641994242,"id":1227432822650757122,"orgId":1227403053905272834,"userId":"1226171861641994242"},{"createAt":1581477632000,"createBy":1226171054565629954,"deptId":1227403053938827265,"id":1227432267958247426,"orgId":1227403053905272834,"updateAt":1581503576000,"updateBy":1226171054565629954,"userId":"1226171054565629954"},{"createAt":1581473771000,"createBy":1227415223548305409,"deptId":1227403185681915906,"id":1227416075222704130,"orgId":1227403053905272834,"userId":"1227415223548305409"}],"searchCount":true,"size":10,"total":28}
[2m2020-03-10 13:08:20.971[0;39m INFO  [33m[dock-lw,,,,][0;39m [http-nio-8083-exec-2] [com.dock.lw.common.handler.AccessLog] AccessLog.java:59 - StopWatch 'com.dock.lw.code.web.UserReportController': running time = 106532626 ns
---------------------------------------------
ns         %     Task name
---------------------------------------------
106532626  100%  query

[2m2020-03-10 13:08:46.855[0;39m INFO  [33m[dock-lw,,,,][0;39m [http-nio-8083-exec-3] [com.dock.lw.common.handler.ApiInterceptor] ApiInterceptor.java:44 - reqURI = /lw/app/userReport/getByPage, reqMethod = POST, token = 333
[2m2020-03-10 13:08:46.857[0;39m INFO  [33m[dock-lw,,,,][0;39m [http-nio-8083-exec-3] [com.dock.lw.common.handler.AccessLog] AccessLog.java:53 - request = [{"cm":[{"cm":{},"current":1,"page":{"current":1,"orders":[],"pages":0,"records":[],"searchCount":true,"size":10,"total":0},"size":10}],"current":1,"page":{"current":1,"orders":[],"pages":0,"records":[],"searchCount":true,"size":10,"total":0},"size":10}]
[2m2020-03-10 13:08:46.893[0;39m DEBUG [33m[dock-lw,,,,][0;39m [http-nio-8083-exec-3] [c.d.lw.code.mapper.UserReportMapper.selectByPage] BaseJdbcLogger.java:143 - ==>  Preparing: SELECT COUNT(1) FROM user_report 
[2m2020-03-10 13:08:46.894[0;39m DEBUG [33m[dock-lw,,,,][0;39m [http-nio-8083-exec-3] [c.d.lw.code.mapper.UserReportMapper.selectByPage] BaseJdbcLogger.java:143 - ==> Parameters: 
[2m2020-03-10 13:08:46.935[0;39m DEBUG [33m[dock-lw,,,,][0;39m [http-nio-8083-exec-3] [c.d.lw.code.mapper.UserReportMapper.selectByPage] BaseJdbcLogger.java:143 - ==>  Preparing: select id, create_by, create_at, update_by, update_at , user_id , org_id , dept_id from user_report order by create_at desc LIMIT ?,? 
[2m2020-03-10 13:08:46.936[0;39m DEBUG [33m[dock-lw,,,,][0;39m [http-nio-8083-exec-3] [c.d.lw.code.mapper.UserReportMapper.selectByPage] BaseJdbcLogger.java:143 - ==> Parameters: 0(Long), 10(Long)
[2m2020-03-10 13:08:46.984[0;39m DEBUG [33m[dock-lw,,,,][0;39m [http-nio-8083-exec-3] [c.d.lw.code.mapper.UserReportMapper.selectByPage] BaseJdbcLogger.java:143 - <==      Total: 10
[2m2020-03-10 13:08:46.985[0;39m INFO  [33m[dock-lw,,,,][0;39m [http-nio-8083-exec-3] [com.dock.lw.common.handler.AccessLog] AccessLog.java:55 - response = {"current":1,"orders":[],"pages":3,"records":[{"createAt":1581946857000,"createBy":1226170333824819202,"id":1229400342110683137,"orgId":1227536998663819265,"userId":"1226170333824819202"},{"createAt":1581942513000,"createBy":1227307982702829570,"id":1229382121575956482,"orgId":1226797912743243777,"userId":"1227307982702829570"},{"createAt":1581928318000,"createBy":1226170154312802305,"id":1229322582004645889,"orgId":1227403053905272834,"userId":"1226170154312802305"},{"createAt":1581503580000,"createBy":1226170333824819202,"id":1227541100584079362,"orgId":1226797912743243777,"userId":"1226170333824819202"},{"createAt":1581483108000,"createBy":1226170934868582402,"deptId":1227403185681915906,"id":1227455234259853313,"orgId":1227403053905272834,"updateAt":1581483132000,"updateBy":1226170934868582402,"userId":"1226170934868582402"},{"createAt":1581478112000,"createBy":1226170154312802305,"deptId":1226797912751632386,"id":1227434282419544066,"orgId":1226797912743243777,"updateAt":1581941781000,"updateBy":1226170154312802305,"userId":"1226170154312802305"},{"createAt":1581477790000,"createBy":1226170333824819202,"id":1227432932176617474,"orgId":1227403053905272834,"userId":"1226170333824819202"},{"createAt":1581477764000,"createBy":1226171861641994242,"id":1227432822650757122,"orgId":1227403053905272834,"userId":"1226171861641994242"},{"createAt":1581477632000,"createBy":1226171054565629954,"deptId":1227403053938827265,"id":1227432267958247426,"orgId":1227403053905272834,"updateAt":1581503576000,"updateBy":1226171054565629954,"userId":"1226171054565629954"},{"createAt":1581473771000,"createBy":1227415223548305409,"deptId":1227403185681915906,"id":1227416075222704130,"orgId":1227403053905272834,"userId":"1227415223548305409"}],"searchCount":true,"size":10,"total":28}
[2m2020-03-10 13:08:46.986[0;39m INFO  [33m[dock-lw,,,,][0;39m [http-nio-8083-exec-3] [com.dock.lw.common.handler.AccessLog] AccessLog.java:59 - StopWatch 'com.dock.lw.code.web.UserReportController': running time = 128296400 ns
---------------------------------------------
ns         %     Task name
---------------------------------------------
128296400  100%  query

[2m2020-03-10 13:09:01.773[0;39m INFO  [33m[dock-lw,,,,][0;39m [http-nio-8083-exec-4] [com.dock.lw.common.handler.ApiInterceptor] ApiInterceptor.java:44 - reqURI = /lw/app/userReport/getByPage, reqMethod = POST, token = null
[2m2020-03-10 13:09:01.775[0;39m INFO  [33m[dock-lw,,,,][0;39m [http-nio-8083-exec-4] [com.dock.lw.common.handler.AccessLog] AccessLog.java:53 - request = [{"cm":[{"cm":{},"current":1,"page":{"current":1,"orders":[],"pages":0,"records":[],"searchCount":true,"size":10,"total":0},"size":10}],"current":1,"page":{"current":1,"orders":[],"pages":0,"records":[],"searchCount":true,"size":10,"total":0},"size":10}]
[2m2020-03-10 13:09:01.823[0;39m DEBUG [33m[dock-lw,,,,][0;39m [http-nio-8083-exec-4] [c.d.lw.code.mapper.UserReportMapper.selectByPage] BaseJdbcLogger.java:143 - ==>  Preparing: SELECT COUNT(1) FROM user_report 
[2m2020-03-10 13:09:01.824[0;39m DEBUG [33m[dock-lw,,,,][0;39m [http-nio-8083-exec-4] [c.d.lw.code.mapper.UserReportMapper.selectByPage] BaseJdbcLogger.java:143 - ==> Parameters: 
[2m2020-03-10 13:09:01.898[0;39m DEBUG [33m[dock-lw,,,,][0;39m [http-nio-8083-exec-4] [c.d.lw.code.mapper.UserReportMapper.selectByPage] BaseJdbcLogger.java:143 - ==>  Preparing: select id, create_by, create_at, update_by, update_at , user_id , org_id , dept_id from user_report order by create_at desc LIMIT ?,? 
[2m2020-03-10 13:09:01.899[0;39m DEBUG [33m[dock-lw,,,,][0;39m [http-nio-8083-exec-4] [c.d.lw.code.mapper.UserReportMapper.selectByPage] BaseJdbcLogger.java:143 - ==> Parameters: 0(Long), 10(Long)
[2m2020-03-10 13:09:01.946[0;39m DEBUG [33m[dock-lw,,,,][0;39m [http-nio-8083-exec-4] [c.d.lw.code.mapper.UserReportMapper.selectByPage] BaseJdbcLogger.java:143 - <==      Total: 10
[2m2020-03-10 13:09:01.948[0;39m INFO  [33m[dock-lw,,,,][0;39m [http-nio-8083-exec-4] [com.dock.lw.common.handler.AccessLog] AccessLog.java:55 - response = {"current":1,"orders":[],"pages":3,"records":[{"createAt":1581946857000,"createBy":1226170333824819202,"id":1229400342110683137,"orgId":1227536998663819265,"userId":"1226170333824819202"},{"createAt":1581942513000,"createBy":1227307982702829570,"id":1229382121575956482,"orgId":1226797912743243777,"userId":"1227307982702829570"},{"createAt":1581928318000,"createBy":1226170154312802305,"id":1229322582004645889,"orgId":1227403053905272834,"userId":"1226170154312802305"},{"createAt":1581503580000,"createBy":1226170333824819202,"id":1227541100584079362,"orgId":1226797912743243777,"userId":"1226170333824819202"},{"createAt":1581483108000,"createBy":1226170934868582402,"deptId":1227403185681915906,"id":1227455234259853313,"orgId":1227403053905272834,"updateAt":1581483132000,"updateBy":1226170934868582402,"userId":"1226170934868582402"},{"createAt":1581478112000,"createBy":1226170154312802305,"deptId":1226797912751632386,"id":1227434282419544066,"orgId":1226797912743243777,"updateAt":1581941781000,"updateBy":1226170154312802305,"userId":"1226170154312802305"},{"createAt":1581477790000,"createBy":1226170333824819202,"id":1227432932176617474,"orgId":1227403053905272834,"userId":"1226170333824819202"},{"createAt":1581477764000,"createBy":1226171861641994242,"id":1227432822650757122,"orgId":1227403053905272834,"userId":"1226171861641994242"},{"createAt":1581477632000,"createBy":1226171054565629954,"deptId":1227403053938827265,"id":1227432267958247426,"orgId":1227403053905272834,"updateAt":1581503576000,"updateBy":1226171054565629954,"userId":"1226171054565629954"},{"createAt":1581473771000,"createBy":1227415223548305409,"deptId":1227403185681915906,"id":1227416075222704130,"orgId":1227403053905272834,"userId":"1227415223548305409"}],"searchCount":true,"size":10,"total":28}
[2m2020-03-10 13:09:01.948[0;39m INFO  [33m[dock-lw,,,,][0;39m [http-nio-8083-exec-4] [com.dock.lw.common.handler.AccessLog] AccessLog.java:59 - StopWatch 'com.dock.lw.code.web.UserReportController': running time = 173529490 ns
---------------------------------------------
ns         %     Task name
---------------------------------------------
173529490  100%  query

[2m2020-03-10 13:09:28.944[0;39m INFO  [33m[dock-lw,,,,][0;39m [http-nio-8083-exec-5] [com.dock.lw.common.handler.ApiInterceptor] ApiInterceptor.java:44 - reqURI = /lw/app/userReport/getByPage, reqMethod = POST, token = null
[2m2020-03-10 13:09:43.512[0;39m INFO  [33m[dock-lw,,,,][0;39m [http-nio-8083-exec-5] [com.dock.lw.common.handler.AccessLog] AccessLog.java:53 - request = [{"cm":[{"cm":{},"current":1,"page":{"current":1,"orders":[],"pages":0,"records":[],"searchCount":true,"size":10,"total":0},"size":10}],"current":1,"page":{"current":1,"orders":[],"pages":0,"records":[],"searchCount":true,"size":10,"total":0},"size":10}]
[2m2020-03-10 13:09:43.527[0;39m DEBUG [33m[dock-lw,,,,][0;39m [http-nio-8083-exec-5] [c.d.lw.code.mapper.UserReportMapper.selectByPage] BaseJdbcLogger.java:143 - ==>  Preparing: SELECT COUNT(1) FROM user_report 
[2m2020-03-10 13:09:43.528[0;39m DEBUG [33m[dock-lw,,,,][0;39m [http-nio-8083-exec-5] [c.d.lw.code.mapper.UserReportMapper.selectByPage] BaseJdbcLogger.java:143 - ==> Parameters: 
[2m2020-03-10 13:09:43.567[0;39m DEBUG [33m[dock-lw,,,,][0;39m [http-nio-8083-exec-5] [c.d.lw.code.mapper.UserReportMapper.selectByPage] BaseJdbcLogger.java:143 - ==>  Preparing: select id, create_by, create_at, update_by, update_at , user_id , org_id , dept_id from user_report order by create_at desc LIMIT ?,? 
[2m2020-03-10 13:09:43.569[0;39m DEBUG [33m[dock-lw,,,,][0;39m [http-nio-8083-exec-5] [c.d.lw.code.mapper.UserReportMapper.selectByPage] BaseJdbcLogger.java:143 - ==> Parameters: 0(Long), 10(Long)
[2m2020-03-10 13:09:43.626[0;39m DEBUG [33m[dock-lw,,,,][0;39m [http-nio-8083-exec-5] [c.d.lw.code.mapper.UserReportMapper.selectByPage] BaseJdbcLogger.java:143 - <==      Total: 10
[2m2020-03-10 13:09:43.628[0;39m INFO  [33m[dock-lw,,,,][0;39m [http-nio-8083-exec-5] [com.dock.lw.common.handler.AccessLog] AccessLog.java:55 - response = {"current":1,"orders":[],"pages":3,"records":[{"createAt":1581946857000,"createBy":1226170333824819202,"id":1229400342110683137,"orgId":1227536998663819265,"userId":"1226170333824819202"},{"createAt":1581942513000,"createBy":1227307982702829570,"id":1229382121575956482,"orgId":1226797912743243777,"userId":"1227307982702829570"},{"createAt":1581928318000,"createBy":1226170154312802305,"id":1229322582004645889,"orgId":1227403053905272834,"userId":"1226170154312802305"},{"createAt":1581503580000,"createBy":1226170333824819202,"id":1227541100584079362,"orgId":1226797912743243777,"userId":"1226170333824819202"},{"createAt":1581483108000,"createBy":1226170934868582402,"deptId":1227403185681915906,"id":1227455234259853313,"orgId":1227403053905272834,"updateAt":1581483132000,"updateBy":1226170934868582402,"userId":"1226170934868582402"},{"createAt":1581478112000,"createBy":1226170154312802305,"deptId":1226797912751632386,"id":1227434282419544066,"orgId":1226797912743243777,"updateAt":1581941781000,"updateBy":1226170154312802305,"userId":"1226170154312802305"},{"createAt":1581477790000,"createBy":1226170333824819202,"id":1227432932176617474,"orgId":1227403053905272834,"userId":"1226170333824819202"},{"createAt":1581477764000,"createBy":1226171861641994242,"id":1227432822650757122,"orgId":1227403053905272834,"userId":"1226171861641994242"},{"createAt":1581477632000,"createBy":1226171054565629954,"deptId":1227403053938827265,"id":1227432267958247426,"orgId":1227403053905272834,"updateAt":1581503576000,"updateBy":1226171054565629954,"userId":"1226171054565629954"},{"createAt":1581473771000,"createBy":1227415223548305409,"deptId":1227403185681915906,"id":1227416075222704130,"orgId":1227403053905272834,"userId":"1227415223548305409"}],"searchCount":true,"size":10,"total":28}
[2m2020-03-10 13:09:43.629[0;39m INFO  [33m[dock-lw,,,,][0;39m [http-nio-8083-exec-5] [com.dock.lw.common.handler.AccessLog] AccessLog.java:59 - StopWatch 'com.dock.lw.code.web.UserReportController': running time = 117057711 ns
---------------------------------------------
ns         %     Task name
---------------------------------------------
117057711  100%  query

[2m2020-03-10 13:10:32.834[0;39m INFO  [33m[dock-lw,,,,][0;39m [SpringContextShutdownHook] [com.zaxxer.hikari.HikariDataSource] HikariDataSource.java:350 - HikariPool-1 - Shutdown initiated...
[2m2020-03-10 13:10:32.845[0;39m INFO  [33m[dock-lw,,,,][0;39m [SpringContextShutdownHook] [com.zaxxer.hikari.HikariDataSource] HikariDataSource.java:352 - HikariPool-1 - Shutdown completed.
[2m2020-03-10 13:10:38.200[0;39m INFO  [33m[dock-lw,,,,][0;39m [main] [com.dock.lw.LwApplication] StartupInfoLogger.java:55 - Starting LwApplication on liweideiMac.local with PID 9338 (/Users/liwei/Desktop/lw/target/classes started by liwei in /Users/liwei/Desktop/lw)
[2m2020-03-10 13:10:38.204[0;39m DEBUG [33m[dock-lw,,,,][0;39m [main] [com.dock.lw.LwApplication] StartupInfoLogger.java:56 - Running with Spring Boot v2.2.5.RELEASE, Spring v5.2.4.RELEASE
[2m2020-03-10 13:10:38.204[0;39m INFO  [33m[dock-lw,,,,][0;39m [main] [com.dock.lw.LwApplication] SpringApplication.java:655 - The following profiles are active: dev
[2m2020-03-10 13:10:39.332[0;39m INFO  [33m[dock-lw,,,,][0;39m [main] [o.s.d.r.config.RepositoryConfigurationDelegate] RepositoryConfigurationDelegate.java:249 - Multiple Spring Data modules found, entering strict repository configuration mode!
[2m2020-03-10 13:10:39.335[0;39m INFO  [33m[dock-lw,,,,][0;39m [main] [o.s.d.r.config.RepositoryConfigurationDelegate] RepositoryConfigurationDelegate.java:127 - Bootstrapping Spring Data Redis repositories in DEFAULT mode.
[2m2020-03-10 13:10:39.373[0;39m INFO  [33m[dock-lw,,,,][0;39m [main] [o.s.d.r.config.RepositoryConfigurationDelegate] RepositoryConfigurationDelegate.java:187 - Finished Spring Data repository scanning in 20ms. Found 0 Redis repository interfaces.
[2m2020-03-10 13:10:40.341[0;39m INFO  [33m[dock-lw,,,,][0;39m [main] [o.s.boot.web.embedded.tomcat.TomcatWebServer] TomcatWebServer.java:92 - Tomcat initialized with port(s): 8083 (http)
[2m2020-03-10 13:10:40.356[0;39m INFO  [33m[dock-lw,,,,][0;39m [main] [org.apache.coyote.http11.Http11NioProtocol] DirectJDKLog.java:173 - Initializing ProtocolHandler ["http-nio-8083"]
[2m2020-03-10 13:10:40.357[0;39m INFO  [33m[dock-lw,,,,][0;39m [main] [org.apache.catalina.core.StandardService] DirectJDKLog.java:173 - Starting service [Tomcat]
[2m2020-03-10 13:10:40.358[0;39m INFO  [33m[dock-lw,,,,][0;39m [main] [org.apache.catalina.core.StandardEngine] DirectJDKLog.java:173 - Starting Servlet engine: [Apache Tomcat/9.0.31]
[2m2020-03-10 13:10:40.462[0;39m INFO  [33m[dock-lw,,,,][0;39m [main] [o.a.c.c.ContainerBase.[Tomcat].[localhost].[/lw]] DirectJDKLog.java:173 - Initializing Spring embedded WebApplicationContext
[2m2020-03-10 13:10:40.463[0;39m INFO  [33m[dock-lw,,,,][0;39m [main] [org.springframework.web.context.ContextLoader] ServletWebServerApplicationContext.java:284 - Root WebApplicationContext: initialization completed in 2195 ms
[2m2020-03-10 13:10:41.728[0;39m INFO  [33m[dock-lw,,,,][0;39m [main] [s.d.s.w.PropertySourcedRequestMappingHandlerMapping] PropertySourcedRequestMappingHandlerMapping.java:69 - Mapped URL path [/v2/api-docs] onto method [springfox.documentation.swagger2.web.Swagger2Controller#getDocumentation(String, HttpServletRequest)]
[2m2020-03-10 13:10:42.094[0;39m INFO  [33m[dock-lw,,,,][0;39m [main] [s.d.s.web.plugins.DocumentationPluginsBootstrapper] DocumentationPluginsBootstrapper.java:147 - Context refreshed
[2m2020-03-10 13:10:42.114[0;39m INFO  [33m[dock-lw,,,,][0;39m [main] [s.d.s.web.plugins.DocumentationPluginsBootstrapper] DocumentationPluginsBootstrapper.java:150 - Found 2 custom documentation plugin(s)
[2m2020-03-10 13:10:42.196[0;39m INFO  [33m[dock-lw,,,,][0;39m [main] [s.d.spring.web.scanners.ApiListingReferenceScanner] ApiListingReferenceScanner.java:41 - Scanning for api listing references
[2m2020-03-10 13:10:42.376[0;39m INFO  [33m[dock-lw,,,,][0;39m [main] [s.d.spring.web.scanners.ApiListingReferenceScanner] ApiListingReferenceScanner.java:41 - Scanning for api listing references
[2m2020-03-10 13:10:42.388[0;39m INFO  [33m[dock-lw,,,,][0;39m [main] [org.apache.coyote.http11.Http11NioProtocol] DirectJDKLog.java:173 - Starting ProtocolHandler ["http-nio-8083"]
[2m2020-03-10 13:10:42.413[0;39m INFO  [33m[dock-lw,,,,][0;39m [main] [o.s.boot.web.embedded.tomcat.TomcatWebServer] TomcatWebServer.java:204 - Tomcat started on port(s): 8083 (http) with context path '/lw'
[2m2020-03-10 13:10:42.418[0;39m INFO  [33m[dock-lw,,,,][0;39m [main] [com.dock.lw.LwApplication] StartupInfoLogger.java:61 - Started LwApplication in 4.944 seconds (JVM running for 6.003)
[2m2020-03-10 13:10:52.956[0;39m INFO  [33m[dock-lw,,,,][0;39m [http-nio-8083-exec-1] [o.a.c.c.ContainerBase.[Tomcat].[localhost].[/lw]] DirectJDKLog.java:173 - Initializing Spring DispatcherServlet 'dispatcherServlet'
[2m2020-03-10 13:10:52.957[0;39m INFO  [33m[dock-lw,,,,][0;39m [http-nio-8083-exec-1] [org.springframework.web.servlet.DispatcherServlet] FrameworkServlet.java:525 - Initializing Servlet 'dispatcherServlet'
[2m2020-03-10 13:10:52.965[0;39m INFO  [33m[dock-lw,,,,][0;39m [http-nio-8083-exec-1] [org.springframework.web.servlet.DispatcherServlet] FrameworkServlet.java:547 - Completed initialization in 8 ms
[2m2020-03-10 13:11:02.607[0;39m INFO  [33m[dock-lw,,,,][0;39m [http-nio-8083-exec-2] [com.dock.lw.common.handler.ApiInterceptor] ApiInterceptor.java:44 - reqURI = /lw/error, reqMethod = GET, token = null
[2m2020-03-10 13:11:02.622[0;39m INFO  [33m[dock-lw,,,,][0;39m [http-nio-8083-exec-4] [com.dock.lw.common.handler.ApiInterceptor] ApiInterceptor.java:44 - reqURI = /lw/error, reqMethod = GET, token = null
[2m2020-03-10 13:11:02.781[0;39m INFO  [33m[dock-lw,,,,][0;39m [http-nio-8083-exec-2] [io.lettuce.core.EpollProvider] EpollProvider.java:68 - Starting without optional epoll library
[2m2020-03-10 13:11:02.783[0;39m INFO  [33m[dock-lw,,,,][0;39m [http-nio-8083-exec-2] [io.lettuce.core.KqueueProvider] KqueueProvider.java:70 - Starting without optional kqueue library
[2m2020-03-10 13:11:07.063[0;39m WARN  [33m[dock-lw,,,,][0;39m [http-nio-8083-exec-2] [c.d.lw.common.handler.BusinessInterceptorHandler] BusinessInterceptorHandler.java:42 - 用户未登录或token过期 token = null
[2m2020-03-10 13:11:07.063[0;39m WARN  [33m[dock-lw,,,,][0;39m [http-nio-8083-exec-4] [c.d.lw.common.handler.BusinessInterceptorHandler] BusinessInterceptorHandler.java:42 - 用户未登录或token过期 token = null
[2m2020-03-10 13:11:07.210[0;39m INFO  [33m[dock-lw,,,,][0;39m [http-nio-8083-exec-5] [com.dock.lw.common.handler.AccessLog] AccessLog.java:53 - request = []
[2m2020-03-10 13:11:07.227[0;39m INFO  [33m[dock-lw,,,,][0;39m [http-nio-8083-exec-5] [com.dock.lw.common.handler.AccessLog] AccessLog.java:55 - response = {"body":{"apisSorter":"alpha","defaultModelRendering":"schema","docExpansion":"none","jsonEditor":false,"showRequestHeaders":true,"supportedSubmitMethods":["get","post","put","delete","patch"]},"headers":{"body":{"apisSorter":"alpha","defaultModelRendering":"schema","docExpansion":"none","jsonEditor":false,"showRequestHeaders":true,"supportedSubmitMethods":["get","post","put","delete","patch"]},"headers":{},"statusCode":"OK","statusCodeValue":200},"statusCode":"OK","statusCodeValue":200}
[2m2020-03-10 13:11:07.228[0;39m INFO  [33m[dock-lw,,,,][0;39m [http-nio-8083-exec-5] [com.dock.lw.common.handler.AccessLog] AccessLog.java:59 - StopWatch 'springfox.documentation.swagger.web.ApiResourceController': running time = 24236011 ns
---------------------------------------------
ns         %     Task name
---------------------------------------------
024236011  100%  uiConfiguration

[2m2020-03-10 13:11:07.267[0;39m INFO  [33m[dock-lw,,,,][0;39m [http-nio-8083-exec-6] [com.dock.lw.common.handler.AccessLog] AccessLog.java:53 - request = []
[2m2020-03-10 13:11:07.273[0;39m INFO  [33m[dock-lw,,,,][0;39m [http-nio-8083-exec-6] [com.dock.lw.common.handler.AccessLog] AccessLog.java:55 - response = {"body":[{"location":"/v2/api-docs?group=app","name":"app","swaggerVersion":"2.0"},{"location":"/v2/api-docs?group=manage","name":"manage","swaggerVersion":"2.0"}],"headers":{"body":[{"location":"/v2/api-docs?group=app","name":"app","swaggerVersion":"2.0"},{"location":"/v2/api-docs?group=manage","name":"manage","swaggerVersion":"2.0"}],"headers":{},"statusCode":"OK","statusCodeValue":200},"statusCode":"OK","statusCodeValue":200}
[2m2020-03-10 13:11:07.274[0;39m INFO  [33m[dock-lw,,,,][0;39m [http-nio-8083-exec-6] [com.dock.lw.common.handler.AccessLog] AccessLog.java:59 - StopWatch 'springfox.documentation.swagger.web.ApiResourceController': running time = 6650782 ns
---------------------------------------------
ns         %     Task name
---------------------------------------------
006650782  100%  swaggerResources

[2m2020-03-10 13:11:07.436[0;39m INFO  [33m[dock-lw,,,,][0;39m [http-nio-8083-exec-8] [com.dock.lw.common.handler.AccessLog] AccessLog.java:53 - request = []
[2m2020-03-10 13:11:07.438[0;39m INFO  [33m[dock-lw,,,,][0;39m [http-nio-8083-exec-8] [com.dock.lw.common.handler.AccessLog] AccessLog.java:55 - response = {"body":{"apiKeyName":"api_key","apiKeyVehicle":"header"},"headers":{"body":{"apiKeyName":"api_key","apiKeyVehicle":"header"},"headers":{},"statusCode":"OK","statusCodeValue":200},"statusCode":"OK","statusCodeValue":200}
[2m2020-03-10 13:11:07.439[0;39m INFO  [33m[dock-lw,,,,][0;39m [http-nio-8083-exec-8] [com.dock.lw.common.handler.AccessLog] AccessLog.java:59 - StopWatch 'springfox.documentation.swagger.web.ApiResourceController': running time = 2729027 ns
---------------------------------------------
ns         %     Task name
---------------------------------------------
002729027  100%  securityConfiguration

[2m2020-03-10 13:11:23.087[0;39m INFO  [33m[dock-lw,,,,][0;39m [http-nio-8083-exec-9] [com.dock.lw.common.handler.ApiInterceptor] ApiInterceptor.java:44 - reqURI = /lw/app/userReport/getDetail, reqMethod = POST, token = erer
[2m2020-03-10 13:11:23.135[0;39m INFO  [33m[dock-lw,,,,][0;39m [http-nio-8083-exec-9] [com.dock.lw.common.handler.AccessLog] AccessLog.java:53 - request = [{"cm":[{"cm":{},"current":1,"page":{"current":1,"orders":[],"pages":0,"records":[],"searchCount":true,"size":10,"total":0},"size":10}],"current":1,"page":{"current":1,"orders":[],"pages":0,"records":[],"searchCount":true,"size":10,"total":0},"size":10}]
[2m2020-03-10 13:11:23.179[0;39m INFO  [33m[dock-lw,,,,][0;39m [http-nio-8083-exec-9] [com.zaxxer.hikari.HikariDataSource] HikariDataSource.java:110 - HikariPool-1 - Starting...
[2m2020-03-10 13:11:23.667[0;39m INFO  [33m[dock-lw,,,,][0;39m [http-nio-8083-exec-9] [com.zaxxer.hikari.HikariDataSource] HikariDataSource.java:123 - HikariPool-1 - Start completed.
[2m2020-03-10 13:11:23.726[0;39m DEBUG [33m[dock-lw,,,,][0;39m [http-nio-8083-exec-9] [c.d.lw.code.mapper.UserReportMapper.selectByPage] BaseJdbcLogger.java:143 - ==>  Preparing: SELECT COUNT(1) FROM user_report 
[2m2020-03-10 13:11:23.751[0;39m DEBUG [33m[dock-lw,,,,][0;39m [http-nio-8083-exec-9] [c.d.lw.code.mapper.UserReportMapper.selectByPage] BaseJdbcLogger.java:143 - ==> Parameters: 
[2m2020-03-10 13:11:23.777[0;39m DEBUG [33m[dock-lw,,,,][0;39m [http-nio-8083-exec-9] [c.d.lw.code.mapper.UserReportMapper.selectByPage] BaseJdbcLogger.java:143 - ==>  Preparing: select id, create_by, create_at, update_by, update_at , user_id , org_id , dept_id from user_report order by create_at desc LIMIT ?,? 
[2m2020-03-10 13:11:23.778[0;39m DEBUG [33m[dock-lw,,,,][0;39m [http-nio-8083-exec-9] [c.d.lw.code.mapper.UserReportMapper.selectByPage] BaseJdbcLogger.java:143 - ==> Parameters: 0(Long), 10(Long)
[2m2020-03-10 13:11:23.814[0;39m DEBUG [33m[dock-lw,,,,][0;39m [http-nio-8083-exec-9] [c.d.lw.code.mapper.UserReportMapper.selectByPage] BaseJdbcLogger.java:143 - <==      Total: 10
[2m2020-03-10 13:11:23.821[0;39m INFO  [33m[dock-lw,,,,][0;39m [http-nio-8083-exec-9] [com.dock.lw.common.handler.AccessLog] AccessLog.java:55 - response = {"current":1,"orders":[],"pages":3,"records":[{"createAt":1581946857000,"createBy":1226170333824819202,"id":1229400342110683137,"orgId":1227536998663819265,"userId":"1226170333824819202"},{"createAt":1581942513000,"createBy":1227307982702829570,"id":1229382121575956482,"orgId":1226797912743243777,"userId":"1227307982702829570"},{"createAt":1581928318000,"createBy":1226170154312802305,"id":1229322582004645889,"orgId":1227403053905272834,"userId":"1226170154312802305"},{"createAt":1581503580000,"createBy":1226170333824819202,"id":1227541100584079362,"orgId":1226797912743243777,"userId":"1226170333824819202"},{"createAt":1581483108000,"createBy":1226170934868582402,"deptId":1227403185681915906,"id":1227455234259853313,"orgId":1227403053905272834,"updateAt":1581483132000,"updateBy":1226170934868582402,"userId":"1226170934868582402"},{"createAt":1581478112000,"createBy":1226170154312802305,"deptId":1226797912751632386,"id":1227434282419544066,"orgId":1226797912743243777,"updateAt":1581941781000,"updateBy":1226170154312802305,"userId":"1226170154312802305"},{"createAt":1581477790000,"createBy":1226170333824819202,"id":1227432932176617474,"orgId":1227403053905272834,"userId":"1226170333824819202"},{"createAt":1581477764000,"createBy":1226171861641994242,"id":1227432822650757122,"orgId":1227403053905272834,"userId":"1226171861641994242"},{"createAt":1581477632000,"createBy":1226171054565629954,"deptId":1227403053938827265,"id":1227432267958247426,"orgId":1227403053905272834,"updateAt":1581503576000,"updateBy":1226171054565629954,"userId":"1226171054565629954"},{"createAt":1581473771000,"createBy":1227415223548305409,"deptId":1227403185681915906,"id":1227416075222704130,"orgId":1227403053905272834,"userId":"1227415223548305409"}],"searchCount":true,"size":10,"total":28}
[2m2020-03-10 13:11:23.822[0;39m INFO  [33m[dock-lw,,,,][0;39m [http-nio-8083-exec-9] [com.dock.lw.common.handler.AccessLog] AccessLog.java:59 - StopWatch 'com.dock.lw.code.web.UserReportController': running time = 690011009 ns
---------------------------------------------
ns         %     Task name
---------------------------------------------
690011009  100%  getDetail

[2m2020-03-10 13:11:35.191[0;39m INFO  [33m[dock-lw,,,,][0;39m [http-nio-8083-exec-10] [com.dock.lw.common.handler.ApiInterceptor] ApiInterceptor.java:44 - reqURI = /lw/app/userReport/getByPage, reqMethod = POST, token = null
[2m2020-03-10 13:11:35.210[0;39m INFO  [33m[dock-lw,,,,][0;39m [http-nio-8083-exec-10] [com.dock.lw.common.handler.AccessLog] AccessLog.java:53 - request = [{"cm":[{"cm":{},"current":1,"page":{"current":1,"orders":[],"pages":0,"records":[],"searchCount":true,"size":10,"total":0},"size":10}],"current":1,"page":{"current":1,"orders":[],"pages":0,"records":[],"searchCount":true,"size":10,"total":0},"size":10}]
[2m2020-03-10 13:11:35.217[0;39m DEBUG [33m[dock-lw,,,,][0;39m [http-nio-8083-exec-10] [c.d.lw.code.mapper.UserReportMapper.selectByPage] BaseJdbcLogger.java:143 - ==>  Preparing: SELECT COUNT(1) FROM user_report 
[2m2020-03-10 13:11:35.218[0;39m DEBUG [33m[dock-lw,,,,][0;39m [http-nio-8083-exec-10] [c.d.lw.code.mapper.UserReportMapper.selectByPage] BaseJdbcLogger.java:143 - ==> Parameters: 
[2m2020-03-10 13:11:35.260[0;39m DEBUG [33m[dock-lw,,,,][0;39m [http-nio-8083-exec-10] [c.d.lw.code.mapper.UserReportMapper.selectByPage] BaseJdbcLogger.java:143 - ==>  Preparing: select id, create_by, create_at, update_by, update_at , user_id , org_id , dept_id from user_report order by create_at desc LIMIT ?,? 
[2m2020-03-10 13:11:35.261[0;39m DEBUG [33m[dock-lw,,,,][0;39m [http-nio-8083-exec-10] [c.d.lw.code.mapper.UserReportMapper.selectByPage] BaseJdbcLogger.java:143 - ==> Parameters: 0(Long), 10(Long)
[2m2020-03-10 13:11:35.310[0;39m DEBUG [33m[dock-lw,,,,][0;39m [http-nio-8083-exec-10] [c.d.lw.code.mapper.UserReportMapper.selectByPage] BaseJdbcLogger.java:143 - <==      Total: 10
[2m2020-03-10 13:11:35.311[0;39m INFO  [33m[dock-lw,,,,][0;39m [http-nio-8083-exec-10] [com.dock.lw.common.handler.AccessLog] AccessLog.java:55 - response = {"current":1,"orders":[],"pages":3,"records":[{"createAt":1581946857000,"createBy":1226170333824819202,"id":1229400342110683137,"orgId":1227536998663819265,"userId":"1226170333824819202"},{"createAt":1581942513000,"createBy":1227307982702829570,"id":1229382121575956482,"orgId":1226797912743243777,"userId":"1227307982702829570"},{"createAt":1581928318000,"createBy":1226170154312802305,"id":1229322582004645889,"orgId":1227403053905272834,"userId":"1226170154312802305"},{"createAt":1581503580000,"createBy":1226170333824819202,"id":1227541100584079362,"orgId":1226797912743243777,"userId":"1226170333824819202"},{"createAt":1581483108000,"createBy":1226170934868582402,"deptId":1227403185681915906,"id":1227455234259853313,"orgId":1227403053905272834,"updateAt":1581483132000,"updateBy":1226170934868582402,"userId":"1226170934868582402"},{"createAt":1581478112000,"createBy":1226170154312802305,"deptId":1226797912751632386,"id":1227434282419544066,"orgId":1226797912743243777,"updateAt":1581941781000,"updateBy":1226170154312802305,"userId":"1226170154312802305"},{"createAt":1581477790000,"createBy":1226170333824819202,"id":1227432932176617474,"orgId":1227403053905272834,"userId":"1226170333824819202"},{"createAt":1581477764000,"createBy":1226171861641994242,"id":1227432822650757122,"orgId":1227403053905272834,"userId":"1226171861641994242"},{"createAt":1581477632000,"createBy":1226171054565629954,"deptId":1227403053938827265,"id":1227432267958247426,"orgId":1227403053905272834,"updateAt":1581503576000,"updateBy":1226171054565629954,"userId":"1226171054565629954"},{"createAt":1581473771000,"createBy":1227415223548305409,"deptId":1227403185681915906,"id":1227416075222704130,"orgId":1227403053905272834,"userId":"1227415223548305409"}],"searchCount":true,"size":10,"total":28}
[2m2020-03-10 13:11:35.312[0;39m INFO  [33m[dock-lw,,,,][0;39m [http-nio-8083-exec-10] [com.dock.lw.common.handler.AccessLog] AccessLog.java:59 - StopWatch 'com.dock.lw.code.web.UserReportController': running time = 102158638 ns
---------------------------------------------
ns         %     Task name
---------------------------------------------
102158638  100%  query

[2m2020-03-10 13:11:47.510[0;39m INFO  [33m[dock-lw,,,,][0;39m [http-nio-8083-exec-1] [com.dock.lw.common.handler.ApiInterceptor] ApiInterceptor.java:44 - reqURI = /lw/app/userReport/getDetail, reqMethod = POST, token = null
[2m2020-03-10 13:11:47.512[0;39m INFO  [33m[dock-lw,,,,][0;39m [http-nio-8083-exec-1] [com.dock.lw.common.handler.AccessLog] AccessLog.java:53 - request = [{"cm":[{"cm":{},"current":1,"page":{"current":1,"orders":[],"pages":0,"records":[],"searchCount":true,"size":10,"total":0},"size":10}],"current":1,"page":{"current":1,"orders":[],"pages":0,"records":[],"searchCount":true,"size":10,"total":0},"size":10}]
[2m2020-03-10 13:11:47.520[0;39m DEBUG [33m[dock-lw,,,,][0;39m [http-nio-8083-exec-1] [c.d.lw.code.mapper.UserReportMapper.selectByPage] BaseJdbcLogger.java:143 - ==>  Preparing: SELECT COUNT(1) FROM user_report 
[2m2020-03-10 13:11:47.521[0;39m DEBUG [33m[dock-lw,,,,][0;39m [http-nio-8083-exec-1] [c.d.lw.code.mapper.UserReportMapper.selectByPage] BaseJdbcLogger.java:143 - ==> Parameters: 
[2m2020-03-10 13:11:47.561[0;39m DEBUG [33m[dock-lw,,,,][0;39m [http-nio-8083-exec-1] [c.d.lw.code.mapper.UserReportMapper.selectByPage] BaseJdbcLogger.java:143 - ==>  Preparing: select id, create_by, create_at, update_by, update_at , user_id , org_id , dept_id from user_report order by create_at desc LIMIT ?,? 
[2m2020-03-10 13:11:47.562[0;39m DEBUG [33m[dock-lw,,,,][0;39m [http-nio-8083-exec-1] [c.d.lw.code.mapper.UserReportMapper.selectByPage] BaseJdbcLogger.java:143 - ==> Parameters: 0(Long), 10(Long)
[2m2020-03-10 13:11:47.615[0;39m DEBUG [33m[dock-lw,,,,][0;39m [http-nio-8083-exec-1] [c.d.lw.code.mapper.UserReportMapper.selectByPage] BaseJdbcLogger.java:143 - <==      Total: 10
[2m2020-03-10 13:11:47.617[0;39m INFO  [33m[dock-lw,,,,][0;39m [http-nio-8083-exec-1] [com.dock.lw.common.handler.AccessLog] AccessLog.java:55 - response = {"current":1,"orders":[],"pages":3,"records":[{"createAt":1581946857000,"createBy":1226170333824819202,"id":1229400342110683137,"orgId":1227536998663819265,"userId":"1226170333824819202"},{"createAt":1581942513000,"createBy":1227307982702829570,"id":1229382121575956482,"orgId":1226797912743243777,"userId":"1227307982702829570"},{"createAt":1581928318000,"createBy":1226170154312802305,"id":1229322582004645889,"orgId":1227403053905272834,"userId":"1226170154312802305"},{"createAt":1581503580000,"createBy":1226170333824819202,"id":1227541100584079362,"orgId":1226797912743243777,"userId":"1226170333824819202"},{"createAt":1581483108000,"createBy":1226170934868582402,"deptId":1227403185681915906,"id":1227455234259853313,"orgId":1227403053905272834,"updateAt":1581483132000,"updateBy":1226170934868582402,"userId":"1226170934868582402"},{"createAt":1581478112000,"createBy":1226170154312802305,"deptId":1226797912751632386,"id":1227434282419544066,"orgId":1226797912743243777,"updateAt":1581941781000,"updateBy":1226170154312802305,"userId":"1226170154312802305"},{"createAt":1581477790000,"createBy":1226170333824819202,"id":1227432932176617474,"orgId":1227403053905272834,"userId":"1226170333824819202"},{"createAt":1581477764000,"createBy":1226171861641994242,"id":1227432822650757122,"orgId":1227403053905272834,"userId":"1226171861641994242"},{"createAt":1581477632000,"createBy":1226171054565629954,"deptId":1227403053938827265,"id":1227432267958247426,"orgId":1227403053905272834,"updateAt":1581503576000,"updateBy":1226171054565629954,"userId":"1226171054565629954"},{"createAt":1581473771000,"createBy":1227415223548305409,"deptId":1227403185681915906,"id":1227416075222704130,"orgId":1227403053905272834,"userId":"1227415223548305409"}],"searchCount":true,"size":10,"total":28}
[2m2020-03-10 13:11:47.617[0;39m INFO  [33m[dock-lw,,,,][0;39m [http-nio-8083-exec-1] [com.dock.lw.common.handler.AccessLog] AccessLog.java:59 - StopWatch 'com.dock.lw.code.web.UserReportController': running time = 105398556 ns
---------------------------------------------
ns         %     Task name
---------------------------------------------
105398556  100%  getDetail

[2m2020-03-10 13:12:08.220[0;39m INFO  [33m[dock-lw,,,,][0;39m [http-nio-8083-exec-3] [com.dock.lw.common.handler.ApiInterceptor] ApiInterceptor.java:44 - reqURI = /lw/app/userReport/getDetail, reqMethod = POST, token = null
[2m2020-03-10 13:12:35.725[0;39m INFO  [33m[dock-lw,,,,][0;39m [http-nio-8083-exec-3] [com.dock.lw.common.handler.AccessLog] AccessLog.java:53 - request = [{"cm":[{"cm":{},"current":1,"page":{"current":1,"orders":[],"pages":0,"records":[],"searchCount":true,"size":10,"total":0},"size":10}],"current":1,"page":{"current":1,"orders":[],"pages":0,"records":[],"searchCount":true,"size":10,"total":0},"size":10}]
[2m2020-03-10 13:12:35.733[0;39m DEBUG [33m[dock-lw,,,,][0;39m [http-nio-8083-exec-3] [c.d.lw.code.mapper.UserReportMapper.selectByPage] BaseJdbcLogger.java:143 - ==>  Preparing: SELECT COUNT(1) FROM user_report 
[2m2020-03-10 13:12:35.734[0;39m DEBUG [33m[dock-lw,,,,][0;39m [http-nio-8083-exec-3] [c.d.lw.code.mapper.UserReportMapper.selectByPage] BaseJdbcLogger.java:143 - ==> Parameters: 
[2m2020-03-10 13:12:35.774[0;39m DEBUG [33m[dock-lw,,,,][0;39m [http-nio-8083-exec-3] [c.d.lw.code.mapper.UserReportMapper.selectByPage] BaseJdbcLogger.java:143 - ==>  Preparing: select id, create_by, create_at, update_by, update_at , user_id , org_id , dept_id from user_report order by create_at desc LIMIT ?,? 
[2m2020-03-10 13:12:35.776[0;39m DEBUG [33m[dock-lw,,,,][0;39m [http-nio-8083-exec-3] [c.d.lw.code.mapper.UserReportMapper.selectByPage] BaseJdbcLogger.java:143 - ==> Parameters: 0(Long), 10(Long)
[2m2020-03-10 13:12:35.820[0;39m DEBUG [33m[dock-lw,,,,][0;39m [http-nio-8083-exec-3] [c.d.lw.code.mapper.UserReportMapper.selectByPage] BaseJdbcLogger.java:143 - <==      Total: 10
[2m2020-03-10 13:12:35.822[0;39m INFO  [33m[dock-lw,,,,][0;39m [http-nio-8083-exec-3] [com.dock.lw.common.handler.AccessLog] AccessLog.java:55 - response = {"current":1,"orders":[],"pages":3,"records":[{"createAt":1581946857000,"createBy":1226170333824819202,"id":1229400342110683137,"orgId":1227536998663819265,"userId":"1226170333824819202"},{"createAt":1581942513000,"createBy":1227307982702829570,"id":1229382121575956482,"orgId":1226797912743243777,"userId":"1227307982702829570"},{"createAt":1581928318000,"createBy":1226170154312802305,"id":1229322582004645889,"orgId":1227403053905272834,"userId":"1226170154312802305"},{"createAt":1581503580000,"createBy":1226170333824819202,"id":1227541100584079362,"orgId":1226797912743243777,"userId":"1226170333824819202"},{"createAt":1581483108000,"createBy":1226170934868582402,"deptId":1227403185681915906,"id":1227455234259853313,"orgId":1227403053905272834,"updateAt":1581483132000,"updateBy":1226170934868582402,"userId":"1226170934868582402"},{"createAt":1581478112000,"createBy":1226170154312802305,"deptId":1226797912751632386,"id":1227434282419544066,"orgId":1226797912743243777,"updateAt":1581941781000,"updateBy":1226170154312802305,"userId":"1226170154312802305"},{"createAt":1581477790000,"createBy":1226170333824819202,"id":1227432932176617474,"orgId":1227403053905272834,"userId":"1226170333824819202"},{"createAt":1581477764000,"createBy":1226171861641994242,"id":1227432822650757122,"orgId":1227403053905272834,"userId":"1226171861641994242"},{"createAt":1581477632000,"createBy":1226171054565629954,"deptId":1227403053938827265,"id":1227432267958247426,"orgId":1227403053905272834,"updateAt":1581503576000,"updateBy":1226171054565629954,"userId":"1226171054565629954"},{"createAt":1581473771000,"createBy":1227415223548305409,"deptId":1227403185681915906,"id":1227416075222704130,"orgId":1227403053905272834,"userId":"1227415223548305409"}],"searchCount":true,"size":10,"total":28}
[2m2020-03-10 13:12:35.822[0;39m INFO  [33m[dock-lw,,,,][0;39m [http-nio-8083-exec-3] [com.dock.lw.common.handler.AccessLog] AccessLog.java:59 - StopWatch 'com.dock.lw.code.web.UserReportController': running time = 97408078 ns
---------------------------------------------
ns         %     Task name
---------------------------------------------
097408078  100%  getDetail

[2m2020-03-10 13:12:57.903[0;39m INFO  [33m[dock-lw,,,,][0;39m [SpringContextShutdownHook] [com.zaxxer.hikari.HikariDataSource] HikariDataSource.java:350 - HikariPool-1 - Shutdown initiated...
[2m2020-03-10 13:12:57.914[0;39m INFO  [33m[dock-lw,,,,][0;39m [SpringContextShutdownHook] [com.zaxxer.hikari.HikariDataSource] HikariDataSource.java:352 - HikariPool-1 - Shutdown completed.
[2m2020-03-10 13:13:01.365[0;39m INFO  [33m[dock-lw,,,,][0;39m [main] [com.dock.lw.LwApplication] StartupInfoLogger.java:55 - Starting LwApplication on liweideiMac.local with PID 9431 (/Users/liwei/Desktop/lw/target/classes started by liwei in /Users/liwei/Desktop/lw)
[2m2020-03-10 13:13:01.367[0;39m DEBUG [33m[dock-lw,,,,][0;39m [main] [com.dock.lw.LwApplication] StartupInfoLogger.java:56 - Running with Spring Boot v2.2.5.RELEASE, Spring v5.2.4.RELEASE
[2m2020-03-10 13:13:01.368[0;39m INFO  [33m[dock-lw,,,,][0;39m [main] [com.dock.lw.LwApplication] SpringApplication.java:655 - The following profiles are active: dev
[2m2020-03-10 13:13:02.309[0;39m INFO  [33m[dock-lw,,,,][0;39m [main] [o.s.d.r.config.RepositoryConfigurationDelegate] RepositoryConfigurationDelegate.java:249 - Multiple Spring Data modules found, entering strict repository configuration mode!
[2m2020-03-10 13:13:02.314[0;39m INFO  [33m[dock-lw,,,,][0;39m [main] [o.s.d.r.config.RepositoryConfigurationDelegate] RepositoryConfigurationDelegate.java:127 - Bootstrapping Spring Data Redis repositories in DEFAULT mode.
[2m2020-03-10 13:13:02.351[0;39m INFO  [33m[dock-lw,,,,][0;39m [main] [o.s.d.r.config.RepositoryConfigurationDelegate] RepositoryConfigurationDelegate.java:187 - Finished Spring Data repository scanning in 18ms. Found 0 Redis repository interfaces.
[2m2020-03-10 13:13:03.173[0;39m INFO  [33m[dock-lw,,,,][0;39m [main] [o.s.boot.web.embedded.tomcat.TomcatWebServer] TomcatWebServer.java:92 - Tomcat initialized with port(s): 8083 (http)
[2m2020-03-10 13:13:03.186[0;39m INFO  [33m[dock-lw,,,,][0;39m [main] [org.apache.coyote.http11.Http11NioProtocol] DirectJDKLog.java:173 - Initializing ProtocolHandler ["http-nio-8083"]
[2m2020-03-10 13:13:03.186[0;39m INFO  [33m[dock-lw,,,,][0;39m [main] [org.apache.catalina.core.StandardService] DirectJDKLog.java:173 - Starting service [Tomcat]
[2m2020-03-10 13:13:03.187[0;39m INFO  [33m[dock-lw,,,,][0;39m [main] [org.apache.catalina.core.StandardEngine] DirectJDKLog.java:173 - Starting Servlet engine: [Apache Tomcat/9.0.31]
[2m2020-03-10 13:13:03.280[0;39m INFO  [33m[dock-lw,,,,][0;39m [main] [o.a.c.c.ContainerBase.[Tomcat].[localhost].[/lw]] DirectJDKLog.java:173 - Initializing Spring embedded WebApplicationContext
[2m2020-03-10 13:13:03.281[0;39m INFO  [33m[dock-lw,,,,][0;39m [main] [org.springframework.web.context.ContextLoader] ServletWebServerApplicationContext.java:284 - Root WebApplicationContext: initialization completed in 1859 ms
[2m2020-03-10 13:13:04.346[0;39m INFO  [33m[dock-lw,,,,][0;39m [main] [s.d.s.w.PropertySourcedRequestMappingHandlerMapping] PropertySourcedRequestMappingHandlerMapping.java:69 - Mapped URL path [/v2/api-docs] onto method [springfox.documentation.swagger2.web.Swagger2Controller#getDocumentation(String, HttpServletRequest)]
[2m2020-03-10 13:13:04.725[0;39m INFO  [33m[dock-lw,,,,][0;39m [main] [s.d.s.web.plugins.DocumentationPluginsBootstrapper] DocumentationPluginsBootstrapper.java:147 - Context refreshed
[2m2020-03-10 13:13:04.744[0;39m INFO  [33m[dock-lw,,,,][0;39m [main] [s.d.s.web.plugins.DocumentationPluginsBootstrapper] DocumentationPluginsBootstrapper.java:150 - Found 2 custom documentation plugin(s)
[2m2020-03-10 13:13:04.776[0;39m INFO  [33m[dock-lw,,,,][0;39m [main] [s.d.spring.web.scanners.ApiListingReferenceScanner] ApiListingReferenceScanner.java:41 - Scanning for api listing references
[2m2020-03-10 13:13:05.003[0;39m INFO  [33m[dock-lw,,,,][0;39m [main] [s.d.spring.web.scanners.ApiListingReferenceScanner] ApiListingReferenceScanner.java:41 - Scanning for api listing references
[2m2020-03-10 13:13:05.014[0;39m INFO  [33m[dock-lw,,,,][0;39m [main] [org.apache.coyote.http11.Http11NioProtocol] DirectJDKLog.java:173 - Starting ProtocolHandler ["http-nio-8083"]
[2m2020-03-10 13:13:05.040[0;39m INFO  [33m[dock-lw,,,,][0;39m [main] [o.s.boot.web.embedded.tomcat.TomcatWebServer] TomcatWebServer.java:204 - Tomcat started on port(s): 8083 (http) with context path '/lw'
[2m2020-03-10 13:13:05.045[0;39m INFO  [33m[dock-lw,,,,][0;39m [main] [com.dock.lw.LwApplication] StartupInfoLogger.java:61 - Started LwApplication in 4.208 seconds (JVM running for 5.345)
[2m2020-03-10 13:13:14.030[0;39m INFO  [33m[dock-lw,,,,][0;39m [http-nio-8083-exec-1] [o.a.c.c.ContainerBase.[Tomcat].[localhost].[/lw]] DirectJDKLog.java:173 - Initializing Spring DispatcherServlet 'dispatcherServlet'
[2m2020-03-10 13:13:14.031[0;39m INFO  [33m[dock-lw,,,,][0;39m [http-nio-8083-exec-1] [org.springframework.web.servlet.DispatcherServlet] FrameworkServlet.java:525 - Initializing Servlet 'dispatcherServlet'
[2m2020-03-10 13:13:14.040[0;39m INFO  [33m[dock-lw,,,,][0;39m [http-nio-8083-exec-1] [org.springframework.web.servlet.DispatcherServlet] FrameworkServlet.java:547 - Completed initialization in 9 ms
[2m2020-03-10 13:13:14.057[0;39m INFO  [33m[dock-lw,,,,][0;39m [http-nio-8083-exec-1] [com.dock.lw.common.handler.ApiInterceptor] ApiInterceptor.java:44 - reqURI = /lw/app/userReport/getByPage, reqMethod = POST, token = null
[2m2020-03-10 13:13:19.504[0;39m INFO  [33m[dock-lw,,,,][0;39m [http-nio-8083-exec-1] [com.dock.lw.common.handler.AccessLog] AccessLog.java:53 - request = [{"cm":[{"cm":{},"current":1,"page":{"current":1,"orders":[],"pages":0,"records":[],"searchCount":true,"size":10,"total":0},"size":10}],"current":1,"page":{"current":1,"orders":[],"pages":0,"records":[],"searchCount":true,"size":10,"total":0},"size":10}]
[2m2020-03-10 13:13:19.551[0;39m INFO  [33m[dock-lw,,,,][0;39m [http-nio-8083-exec-1] [com.zaxxer.hikari.HikariDataSource] HikariDataSource.java:110 - HikariPool-1 - Starting...
[2m2020-03-10 13:13:20.390[0;39m INFO  [33m[dock-lw,,,,][0;39m [http-nio-8083-exec-1] [com.zaxxer.hikari.HikariDataSource] HikariDataSource.java:123 - HikariPool-1 - Start completed.
[2m2020-03-10 13:13:20.434[0;39m DEBUG [33m[dock-lw,,,,][0;39m [http-nio-8083-exec-1] [c.d.lw.code.mapper.UserReportMapper.selectByPage] BaseJdbcLogger.java:143 - ==>  Preparing: SELECT COUNT(1) FROM user_report 
[2m2020-03-10 13:13:20.461[0;39m DEBUG [33m[dock-lw,,,,][0;39m [http-nio-8083-exec-1] [c.d.lw.code.mapper.UserReportMapper.selectByPage] BaseJdbcLogger.java:143 - ==> Parameters: 
[2m2020-03-10 13:13:20.500[0;39m DEBUG [33m[dock-lw,,,,][0;39m [http-nio-8083-exec-1] [c.d.lw.code.mapper.UserReportMapper.selectByPage] BaseJdbcLogger.java:143 - ==>  Preparing: select id, create_by, create_at, update_by, update_at , user_id , org_id , dept_id from user_report order by create_at desc LIMIT ?,? 
[2m2020-03-10 13:13:20.501[0;39m DEBUG [33m[dock-lw,,,,][0;39m [http-nio-8083-exec-1] [c.d.lw.code.mapper.UserReportMapper.selectByPage] BaseJdbcLogger.java:143 - ==> Parameters: 0(Long), 10(Long)
[2m2020-03-10 13:13:20.550[0;39m DEBUG [33m[dock-lw,,,,][0;39m [http-nio-8083-exec-1] [c.d.lw.code.mapper.UserReportMapper.selectByPage] BaseJdbcLogger.java:143 - <==      Total: 10
[2m2020-03-10 13:13:20.558[0;39m INFO  [33m[dock-lw,,,,][0;39m [http-nio-8083-exec-1] [com.dock.lw.common.handler.AccessLog] AccessLog.java:55 - response = {"current":1,"orders":[],"pages":3,"records":[{"createAt":1581946857000,"createBy":1226170333824819202,"id":1229400342110683137,"orgId":1227536998663819265,"userId":"1226170333824819202"},{"createAt":1581942513000,"createBy":1227307982702829570,"id":1229382121575956482,"orgId":1226797912743243777,"userId":"1227307982702829570"},{"createAt":1581928318000,"createBy":1226170154312802305,"id":1229322582004645889,"orgId":1227403053905272834,"userId":"1226170154312802305"},{"createAt":1581503580000,"createBy":1226170333824819202,"id":1227541100584079362,"orgId":1226797912743243777,"userId":"1226170333824819202"},{"createAt":1581483108000,"createBy":1226170934868582402,"deptId":1227403185681915906,"id":1227455234259853313,"orgId":1227403053905272834,"updateAt":1581483132000,"updateBy":1226170934868582402,"userId":"1226170934868582402"},{"createAt":1581478112000,"createBy":1226170154312802305,"deptId":1226797912751632386,"id":1227434282419544066,"orgId":1226797912743243777,"updateAt":1581941781000,"updateBy":1226170154312802305,"userId":"1226170154312802305"},{"createAt":1581477790000,"createBy":1226170333824819202,"id":1227432932176617474,"orgId":1227403053905272834,"userId":"1226170333824819202"},{"createAt":1581477764000,"createBy":1226171861641994242,"id":1227432822650757122,"orgId":1227403053905272834,"userId":"1226171861641994242"},{"createAt":1581477632000,"createBy":1226171054565629954,"deptId":1227403053938827265,"id":1227432267958247426,"orgId":1227403053905272834,"updateAt":1581503576000,"updateBy":1226171054565629954,"userId":"1226171054565629954"},{"createAt":1581473771000,"createBy":1227415223548305409,"deptId":1227403185681915906,"id":1227416075222704130,"orgId":1227403053905272834,"userId":"1227415223548305409"}],"searchCount":true,"size":10,"total":28}
[2m2020-03-10 13:13:20.559[0;39m INFO  [33m[dock-lw,,,,][0;39m [http-nio-8083-exec-1] [com.dock.lw.common.handler.AccessLog] AccessLog.java:59 - StopWatch 'com.dock.lw.code.web.UserReportController': running time = 1123756910 ns
---------------------------------------------
ns         %     Task name
---------------------------------------------
1123756910  100%  query

[2m2020-03-10 13:13:29.098[0;39m INFO  [33m[dock-lw,,,,][0;39m [http-nio-8083-exec-2] [com.dock.lw.common.handler.ApiInterceptor] ApiInterceptor.java:44 - reqURI = /lw/app/userReport/getDetail, reqMethod = POST, token = null
[2m2020-03-10 13:13:29.247[0;39m INFO  [33m[dock-lw,,,,][0;39m [http-nio-8083-exec-2] [io.lettuce.core.EpollProvider] EpollProvider.java:68 - Starting without optional epoll library
[2m2020-03-10 13:13:29.250[0;39m INFO  [33m[dock-lw,,,,][0;39m [http-nio-8083-exec-2] [io.lettuce.core.KqueueProvider] KqueueProvider.java:70 - Starting without optional kqueue library
[2m2020-03-10 13:13:29.471[0;39m WARN  [33m[dock-lw,,,,][0;39m [http-nio-8083-exec-2] [c.d.lw.common.handler.BusinessInterceptorHandler] BusinessInterceptorHandler.java:42 - 用户未登录或token过期 token = null
[2m2020-03-10 13:14:40.722[0;39m INFO  [33m[dock-lw,,,,][0;39m [SpringContextShutdownHook] [com.zaxxer.hikari.HikariDataSource] HikariDataSource.java:350 - HikariPool-1 - Shutdown initiated...
[2m2020-03-10 13:14:40.731[0;39m INFO  [33m[dock-lw,,,,][0;39m [SpringContextShutdownHook] [com.zaxxer.hikari.HikariDataSource] HikariDataSource.java:352 - HikariPool-1 - Shutdown completed.
[2m2020-03-10 13:31:47.491[0;39m INFO  [33m[dock-lw,,,,][0;39m [main] [com.dock.lw.LwApplication] StartupInfoLogger.java:55 - Starting LwApplication on liweideiMac.local with PID 10371 (/Users/liwei/Desktop/lw/target/classes started by liwei in /Users/liwei/Desktop/lw)
[2m2020-03-10 13:31:47.495[0;39m DEBUG [33m[dock-lw,,,,][0;39m [main] [com.dock.lw.LwApplication] StartupInfoLogger.java:56 - Running with Spring Boot v2.2.5.RELEASE, Spring v5.2.4.RELEASE
[2m2020-03-10 13:31:47.496[0;39m INFO  [33m[dock-lw,,,,][0;39m [main] [com.dock.lw.LwApplication] SpringApplication.java:655 - The following profiles are active: dev
[2m2020-03-10 13:31:48.709[0;39m INFO  [33m[dock-lw,,,,][0;39m [main] [o.s.d.r.config.RepositoryConfigurationDelegate] RepositoryConfigurationDelegate.java:249 - Multiple Spring Data modules found, entering strict repository configuration mode!
[2m2020-03-10 13:31:48.713[0;39m INFO  [33m[dock-lw,,,,][0;39m [main] [o.s.d.r.config.RepositoryConfigurationDelegate] RepositoryConfigurationDelegate.java:127 - Bootstrapping Spring Data Redis repositories in DEFAULT mode.
[2m2020-03-10 13:31:48.760[0;39m INFO  [33m[dock-lw,,,,][0;39m [main] [o.s.d.r.config.RepositoryConfigurationDelegate] RepositoryConfigurationDelegate.java:187 - Finished Spring Data repository scanning in 23ms. Found 0 Redis repository interfaces.
[2m2020-03-10 13:31:49.638[0;39m INFO  [33m[dock-lw,,,,][0;39m [main] [o.s.boot.web.embedded.tomcat.TomcatWebServer] TomcatWebServer.java:92 - Tomcat initialized with port(s): 8083 (http)
[2m2020-03-10 13:31:49.651[0;39m INFO  [33m[dock-lw,,,,][0;39m [main] [org.apache.coyote.http11.Http11NioProtocol] DirectJDKLog.java:173 - Initializing ProtocolHandler ["http-nio-8083"]
[2m2020-03-10 13:31:49.652[0;39m INFO  [33m[dock-lw,,,,][0;39m [main] [org.apache.catalina.core.StandardService] DirectJDKLog.java:173 - Starting service [Tomcat]
[2m2020-03-10 13:31:49.652[0;39m INFO  [33m[dock-lw,,,,][0;39m [main] [org.apache.catalina.core.StandardEngine] DirectJDKLog.java:173 - Starting Servlet engine: [Apache Tomcat/9.0.31]
[2m2020-03-10 13:31:49.755[0;39m INFO  [33m[dock-lw,,,,][0;39m [main] [o.a.c.c.ContainerBase.[Tomcat].[localhost].[/lw]] DirectJDKLog.java:173 - Initializing Spring embedded WebApplicationContext
[2m2020-03-10 13:31:49.755[0;39m INFO  [33m[dock-lw,,,,][0;39m [main] [org.springframework.web.context.ContextLoader] ServletWebServerApplicationContext.java:284 - Root WebApplicationContext: initialization completed in 2121 ms
[2m2020-03-10 13:31:50.903[0;39m INFO  [33m[dock-lw,,,,][0;39m [main] [s.d.s.w.PropertySourcedRequestMappingHandlerMapping] PropertySourcedRequestMappingHandlerMapping.java:69 - Mapped URL path [/v2/api-docs] onto method [springfox.documentation.swagger2.web.Swagger2Controller#getDocumentation(String, HttpServletRequest)]
[2m2020-03-10 13:31:51.302[0;39m INFO  [33m[dock-lw,,,,][0;39m [main] [s.d.s.web.plugins.DocumentationPluginsBootstrapper] DocumentationPluginsBootstrapper.java:147 - Context refreshed
[2m2020-03-10 13:31:51.323[0;39m INFO  [33m[dock-lw,,,,][0;39m [main] [s.d.s.web.plugins.DocumentationPluginsBootstrapper] DocumentationPluginsBootstrapper.java:150 - Found 2 custom documentation plugin(s)
[2m2020-03-10 13:31:51.355[0;39m INFO  [33m[dock-lw,,,,][0;39m [main] [s.d.spring.web.scanners.ApiListingReferenceScanner] ApiListingReferenceScanner.java:41 - Scanning for api listing references
[2m2020-03-10 13:31:51.553[0;39m INFO  [33m[dock-lw,,,,][0;39m [main] [s.d.spring.web.scanners.ApiListingReferenceScanner] ApiListingReferenceScanner.java:41 - Scanning for api listing references
[2m2020-03-10 13:31:51.562[0;39m INFO  [33m[dock-lw,,,,][0;39m [main] [org.apache.coyote.http11.Http11NioProtocol] DirectJDKLog.java:173 - Starting ProtocolHandler ["http-nio-8083"]
[2m2020-03-10 13:31:51.576[0;39m INFO  [33m[dock-lw,,,,][0;39m [main] [org.apache.coyote.http11.Http11NioProtocol] DirectJDKLog.java:173 - Pausing ProtocolHandler ["http-nio-8083"]
[2m2020-03-10 13:31:51.577[0;39m INFO  [33m[dock-lw,,,,][0;39m [main] [org.apache.catalina.core.StandardService] DirectJDKLog.java:173 - Stopping service [Tomcat]
[2m2020-03-10 13:31:51.583[0;39m INFO  [33m[dock-lw,,,,][0;39m [main] [org.apache.coyote.http11.Http11NioProtocol] DirectJDKLog.java:173 - Stopping ProtocolHandler ["http-nio-8083"]
[2m2020-03-10 13:31:51.584[0;39m INFO  [33m[dock-lw,,,,][0;39m [main] [org.apache.coyote.http11.Http11NioProtocol] DirectJDKLog.java:173 - Destroying ProtocolHandler ["http-nio-8083"]
[2m2020-03-10 13:31:51.587[0;39m INFO  [33m[dock-lw,,,,][0;39m [main] [o.s.b.a.l.ConditionEvaluationReportLoggingListener] ConditionEvaluationReportLoggingListener.java:136 - 

Error starting ApplicationContext. To display the conditions report re-run your application with 'debug' enabled.
[2m2020-03-10 13:31:51.591[0;39m ERROR [33m[dock-lw,,,,][0;39m [main] [o.s.b.diagnostics.LoggingFailureAnalysisReporter] LoggingFailureAnalysisReporter.java:40 - 

***************************
APPLICATION FAILED TO START
***************************

Description:

Web server failed to start. Port 8083 was already in use.

Action:

Identify and stop the process that's listening on port 8083 or configure this application to listen on another port.

[2m2020-03-10 13:32:37.501[0;39m INFO  [33m[dock-lw,,,,][0;39m [main] [com.dock.lw.LwApplication] StartupInfoLogger.java:55 - Starting LwApplication on liweideiMac.local with PID 10407 (/Users/liwei/Desktop/lw/target/classes started by liwei in /Users/liwei/Desktop/lw)
[2m2020-03-10 13:32:37.503[0;39m DEBUG [33m[dock-lw,,,,][0;39m [main] [com.dock.lw.LwApplication] StartupInfoLogger.java:56 - Running with Spring Boot v2.2.5.RELEASE, Spring v5.2.4.RELEASE
[2m2020-03-10 13:32:37.504[0;39m INFO  [33m[dock-lw,,,,][0;39m [main] [com.dock.lw.LwApplication] SpringApplication.java:655 - The following profiles are active: dev
[2m2020-03-10 13:32:38.407[0;39m INFO  [33m[dock-lw,,,,][0;39m [main] [o.s.d.r.config.RepositoryConfigurationDelegate] RepositoryConfigurationDelegate.java:249 - Multiple Spring Data modules found, entering strict repository configuration mode!
[2m2020-03-10 13:32:38.410[0;39m INFO  [33m[dock-lw,,,,][0;39m [main] [o.s.d.r.config.RepositoryConfigurationDelegate] RepositoryConfigurationDelegate.java:127 - Bootstrapping Spring Data Redis repositories in DEFAULT mode.
[2m2020-03-10 13:32:38.440[0;39m INFO  [33m[dock-lw,,,,][0;39m [main] [o.s.d.r.config.RepositoryConfigurationDelegate] RepositoryConfigurationDelegate.java:187 - Finished Spring Data repository scanning in 18ms. Found 0 Redis repository interfaces.
[2m2020-03-10 13:32:39.171[0;39m INFO  [33m[dock-lw,,,,][0;39m [main] [o.s.boot.web.embedded.tomcat.TomcatWebServer] TomcatWebServer.java:92 - Tomcat initialized with port(s): 8083 (http)
[2m2020-03-10 13:32:39.181[0;39m INFO  [33m[dock-lw,,,,][0;39m [main] [org.apache.coyote.http11.Http11NioProtocol] DirectJDKLog.java:173 - Initializing ProtocolHandler ["http-nio-8083"]
[2m2020-03-10 13:32:39.182[0;39m INFO  [33m[dock-lw,,,,][0;39m [main] [org.apache.catalina.core.StandardService] DirectJDKLog.java:173 - Starting service [Tomcat]
[2m2020-03-10 13:32:39.183[0;39m INFO  [33m[dock-lw,,,,][0;39m [main] [org.apache.catalina.core.StandardEngine] DirectJDKLog.java:173 - Starting Servlet engine: [Apache Tomcat/9.0.31]
[2m2020-03-10 13:32:39.285[0;39m INFO  [33m[dock-lw,,,,][0;39m [main] [o.a.c.c.ContainerBase.[Tomcat].[localhost].[/lw]] DirectJDKLog.java:173 - Initializing Spring embedded WebApplicationContext
[2m2020-03-10 13:32:39.285[0;39m INFO  [33m[dock-lw,,,,][0;39m [main] [org.springframework.web.context.ContextLoader] ServletWebServerApplicationContext.java:284 - Root WebApplicationContext: initialization completed in 1728 ms
[2m2020-03-10 13:32:40.225[0;39m INFO  [33m[dock-lw,,,,][0;39m [main] [s.d.s.w.PropertySourcedRequestMappingHandlerMapping] PropertySourcedRequestMappingHandlerMapping.java:69 - Mapped URL path [/v2/api-docs] onto method [springfox.documentation.swagger2.web.Swagger2Controller#getDocumentation(String, HttpServletRequest)]
[2m2020-03-10 13:32:40.569[0;39m INFO  [33m[dock-lw,,,,][0;39m [main] [s.d.s.web.plugins.DocumentationPluginsBootstrapper] DocumentationPluginsBootstrapper.java:147 - Context refreshed
[2m2020-03-10 13:32:40.582[0;39m INFO  [33m[dock-lw,,,,][0;39m [main] [s.d.s.web.plugins.DocumentationPluginsBootstrapper] DocumentationPluginsBootstrapper.java:150 - Found 2 custom documentation plugin(s)
[2m2020-03-10 13:32:40.610[0;39m INFO  [33m[dock-lw,,,,][0;39m [main] [s.d.spring.web.scanners.ApiListingReferenceScanner] ApiListingReferenceScanner.java:41 - Scanning for api listing references
[2m2020-03-10 13:32:40.805[0;39m INFO  [33m[dock-lw,,,,][0;39m [main] [s.d.spring.web.scanners.ApiListingReferenceScanner] ApiListingReferenceScanner.java:41 - Scanning for api listing references
[2m2020-03-10 13:32:40.814[0;39m INFO  [33m[dock-lw,,,,][0;39m [main] [org.apache.coyote.http11.Http11NioProtocol] DirectJDKLog.java:173 - Starting ProtocolHandler ["http-nio-8083"]
[2m2020-03-10 13:32:40.857[0;39m INFO  [33m[dock-lw,,,,][0;39m [main] [o.s.boot.web.embedded.tomcat.TomcatWebServer] TomcatWebServer.java:204 - Tomcat started on port(s): 8083 (http) with context path '/lw'
[2m2020-03-10 13:32:40.862[0;39m INFO  [33m[dock-lw,,,,][0;39m [main] [com.dock.lw.LwApplication] StartupInfoLogger.java:61 - Started LwApplication in 4.039 seconds (JVM running for 5.056)
[2m2020-03-10 13:33:18.218[0;39m INFO  [33m[dock-lw,,,,][0;39m [http-nio-8083-exec-1] [o.a.c.c.ContainerBase.[Tomcat].[localhost].[/lw]] DirectJDKLog.java:173 - Initializing Spring DispatcherServlet 'dispatcherServlet'
[2m2020-03-10 13:33:18.218[0;39m INFO  [33m[dock-lw,,,,][0;39m [http-nio-8083-exec-1] [org.springframework.web.servlet.DispatcherServlet] FrameworkServlet.java:525 - Initializing Servlet 'dispatcherServlet'
[2m2020-03-10 13:33:18.228[0;39m INFO  [33m[dock-lw,,,,][0;39m [http-nio-8083-exec-1] [org.springframework.web.servlet.DispatcherServlet] FrameworkServlet.java:547 - Completed initialization in 9 ms
[2m2020-03-10 13:33:18.244[0;39m INFO  [33m[dock-lw,,,,][0;39m [http-nio-8083-exec-1] [com.dock.lw.common.handler.ApiInterceptor] ApiInterceptor.java:44 - reqURI = /lw/app/userReport/getByPage, reqMethod = POST, token = null
[2m2020-03-10 13:33:18.419[0;39m INFO  [33m[dock-lw,,,,][0;39m [http-nio-8083-exec-1] [com.dock.lw.common.handler.AccessLog] AccessLog.java:53 - request = [{"cm":[{"cm":{},"current":1,"page":{"current":1,"orders":[],"pages":0,"records":[],"searchCount":true,"size":10,"total":0},"size":10}],"current":1,"page":{"current":1,"orders":[],"pages":0,"records":[],"searchCount":true,"size":10,"total":0},"size":10}]
[2m2020-03-10 13:33:27.932[0;39m INFO  [33m[dock-lw,,,,][0;39m [http-nio-8083-exec-1] [com.zaxxer.hikari.HikariDataSource] HikariDataSource.java:110 - HikariPool-1 - Starting...
[2m2020-03-10 13:33:28.577[0;39m INFO  [33m[dock-lw,,,,][0;39m [http-nio-8083-exec-1] [com.zaxxer.hikari.HikariDataSource] HikariDataSource.java:123 - HikariPool-1 - Start completed.
[2m2020-03-10 13:33:28.626[0;39m DEBUG [33m[dock-lw,,,,][0;39m [http-nio-8083-exec-1] [c.d.lw.code.mapper.UserReportMapper.selectByPage] BaseJdbcLogger.java:143 - ==>  Preparing: SELECT COUNT(1) FROM user_report 
[2m2020-03-10 13:33:28.653[0;39m DEBUG [33m[dock-lw,,,,][0;39m [http-nio-8083-exec-1] [c.d.lw.code.mapper.UserReportMapper.selectByPage] BaseJdbcLogger.java:143 - ==> Parameters: 
[2m2020-03-10 13:33:28.683[0;39m DEBUG [33m[dock-lw,,,,][0;39m [http-nio-8083-exec-1] [c.d.lw.code.mapper.UserReportMapper.selectByPage] BaseJdbcLogger.java:143 - ==>  Preparing: select id, create_by, create_at, update_by, update_at , user_id , org_id , dept_id from user_report order by create_at desc LIMIT ?,? 
[2m2020-03-10 13:33:28.684[0;39m DEBUG [33m[dock-lw,,,,][0;39m [http-nio-8083-exec-1] [c.d.lw.code.mapper.UserReportMapper.selectByPage] BaseJdbcLogger.java:143 - ==> Parameters: 0(Long), 10(Long)
[2m2020-03-10 13:33:28.718[0;39m DEBUG [33m[dock-lw,,,,][0;39m [http-nio-8083-exec-1] [c.d.lw.code.mapper.UserReportMapper.selectByPage] BaseJdbcLogger.java:143 - <==      Total: 10
[2m2020-03-10 13:33:28.726[0;39m INFO  [33m[dock-lw,,,,][0;39m [http-nio-8083-exec-1] [com.dock.lw.common.handler.AccessLog] AccessLog.java:55 - response = {"current":1,"orders":[],"pages":3,"records":[{"createAt":1581946857000,"createBy":1226170333824819202,"id":1229400342110683137,"orgId":1227536998663819265,"userId":"1226170333824819202"},{"createAt":1581942513000,"createBy":1227307982702829570,"id":1229382121575956482,"orgId":1226797912743243777,"userId":"1227307982702829570"},{"createAt":1581928318000,"createBy":1226170154312802305,"id":1229322582004645889,"orgId":1227403053905272834,"userId":"1226170154312802305"},{"createAt":1581503580000,"createBy":1226170333824819202,"id":1227541100584079362,"orgId":1226797912743243777,"userId":"1226170333824819202"},{"createAt":1581483108000,"createBy":1226170934868582402,"deptId":1227403185681915906,"id":1227455234259853313,"orgId":1227403053905272834,"updateAt":1581483132000,"updateBy":1226170934868582402,"userId":"1226170934868582402"},{"createAt":1581478112000,"createBy":1226170154312802305,"deptId":1226797912751632386,"id":1227434282419544066,"orgId":1226797912743243777,"updateAt":1581941781000,"updateBy":1226170154312802305,"userId":"1226170154312802305"},{"createAt":1581477790000,"createBy":1226170333824819202,"id":1227432932176617474,"orgId":1227403053905272834,"userId":"1226170333824819202"},{"createAt":1581477764000,"createBy":1226171861641994242,"id":1227432822650757122,"orgId":1227403053905272834,"userId":"1226171861641994242"},{"createAt":1581477632000,"createBy":1226171054565629954,"deptId":1227403053938827265,"id":1227432267958247426,"orgId":1227403053905272834,"updateAt":1581503576000,"updateBy":1226171054565629954,"userId":"1226171054565629954"},{"createAt":1581473771000,"createBy":1227415223548305409,"deptId":1227403185681915906,"id":1227416075222704130,"orgId":1227403053905272834,"userId":"1227415223548305409"}],"searchCount":true,"size":10,"total":28}
[2m2020-03-10 13:33:28.728[0;39m INFO  [33m[dock-lw,,,,][0;39m [http-nio-8083-exec-1] [com.dock.lw.common.handler.AccessLog] AccessLog.java:59 - StopWatch 'com.dock.lw.code.web.UserReportController': running time = 10405418230 ns
---------------------------------------------
ns         %     Task name
---------------------------------------------
10405418230  100%  query

[2m2020-03-10 13:37:11.497[0;39m INFO  [33m[dock-lw,,,,][0;39m [SpringContextShutdownHook] [com.zaxxer.hikari.HikariDataSource] HikariDataSource.java:350 - HikariPool-1 - Shutdown initiated...
[2m2020-03-10 13:37:11.509[0;39m INFO  [33m[dock-lw,,,,][0;39m [SpringContextShutdownHook] [com.zaxxer.hikari.HikariDataSource] HikariDataSource.java:352 - HikariPool-1 - Shutdown completed.
